#
# A fatal error has been detected by the Java Runtime Environment:
#
#  EXCEPTION_ACCESS_VIOLATION (0xc0000005) at pc=0x00007ffe4b70eb16, pid=2156, tid=10584
#
# JRE version: Java(TM) SE Runtime Environment (9.0+11) (build 9.0.4+11)
# Java VM: Java HotSpot(TM) 64-Bit Server VM (9.0.4+11, mixed mode, tiered, compressed oops, g1 gc, windows-amd64)
# Problematic frame:
# C  [librdi_coregen.dll+0xd9eb16]
#
# No core dump will be written. Minidumps are not enabled by default on client versions of Windows
#
# If you would like to submit a bug report, please visit:
#   http://bugreport.java.com/bugreport/crash.jsp
# The crash happened outside the Java Virtual Machine in native code.
# See problematic frame for where to report the bug.
#

---------------  S U M M A R Y ------------

Command Line: -Dsun.java2d.pmoffscreen=false -Dsun.java2d.xrender=false -Dsun.java2d.d3d=false -Dsun.awt.nopixfmt=true -Dsun.java2d.dpiaware=true -Dsun.java2d.uiScale.enabled=false -Xverify:none -Dswing.aatext=true -XX:-UsePerfData -Djdk.map.althashing.threshold=512 -XX:StringTableSize=4072 --add-opens=java.base/java.nio=ALL-UNNAMED --add-opens=java.desktop/sun.swing=ALL-UNNAMED --add-opens=java.desktop/javax.swing=ALL-UNNAMED --add-opens=java.desktop/javax.swing.tree=ALL-UNNAMED --add-opens=java.desktop/javax.swing.plaf.basic=ALL-UNNAMED --add-opens=java.desktop/javax.swing.plaf.synth=ALL-UNNAMED --add-opens=java.desktop/com.sun.awt=ALL-UNNAMED -XX:NewSize=60m -XX:MaxNewSize=60m -Xms128m -Xmx3072m -Xss5m 

Host: Intel(R) Core(TM) i7-8700 CPU @ 3.20GHz, 12 cores, 15G,  Windows 10 , 64 bit Build 17134 (10.0.17134.1)
Time: Wed May 11 16:20:33 2022 ?D1¨²¡À¨º¡Á?¨º¡À?? elapsed time: 890 seconds (0d 0h 14m 50s)

---------------  T H R E A D  ---------------

Current thread (0x0000024a2719d800):  JavaThread "AWT-EventQueue-1" [_thread_in_native, id=10584, stack(0x000000d720000000,0x000000d720500000)]

Stack: [0x000000d720000000,0x000000d720500000],  sp=0x000000d7204fd200,  free space=5108k
Native frames: (J=compiled Java code, j=interpreted, Vv=VM code, C=native code)
C  [librdi_coregen.dll+0xd9eb16]
C  [librdi_coregen.dll+0xda143f]
C  [librdi_coregen.dll+0xe05d2f]
C  [librdi_coregen.dll+0xe0439b]
C  0x0000024a0a6e921c

Java frames: (J=compiled Java code, j=interpreted, Vv=VM code)
j  ui.xpeguajni.XPG_JModelJNI.new_XPG_JTop(JLui/xpeguajni/ap;)J+0
j  ui.xpeguajni.ad.<init>(Lui/xpeguajni/ap;)V+6
j  ui.xpeguajni.XPG_JModel.<init>(JJ)V+10
j  ui.b.f.r.cRf()Lui/data/coregen/a/cZ;+22
j  ui.b.f.r.cY()Ljava/awt/Component;+89
j  ui.b.f.r.h(Lui/views/cn;)V+34
j  ui.b.f.r.<init>(Ljava/awt/Component;Lui/views/cn;Lui/project/r;Lui/data/coregen/bh;ZLui/data/common/a/q;Lui/frmwork/T;Z)V+125
j  ui.views.S.a.b.a(Ljava/awt/Component;Lui/frmwork/T;Lui/data/coregen/bh;Z)V+23
j  ui.views.S.a.p.gtX()V+43
j  ui.views.S.a.p.taskEnded(I)V+42
j  ui.views.x.a.y.b(I)V+37
j  ui.views.S.a.p.b(I)V+13
j  ui.b.c.bx.y()V+200
j  ui.b.c.bG.finished()V+4
J 13610 c1 ui.frmwork.x.run()V (15 bytes) @ 0x0000024a0b8dbd4c [0x0000024a0b8dbbe0+0x000000000000016c]
J 13109 c2 java.awt.EventQueue$3.run()Ljava/lang/Object; java.desktop@9.0.4 (5 bytes) @ 0x0000024a12376c04 [0x0000024a12376b00+0x0000000000000104]
v  ~StubRoutines::call_stub
J 4019  java.security.AccessController.doPrivileged(Ljava/security/PrivilegedAction;Ljava/security/AccessControlContext;)Ljava/lang/Object; java.base@9.0.4 (0 bytes) @ 0x0000024a123d51c6 [0x0000024a123d5160+0x0000000000000066]
J 12989 c2 ui.frmwork.b.d.dispatchEvent(Ljava/awt/AWTEvent;)V (34 bytes) @ 0x0000024a12bc3c0c [0x0000024a12bc36a0+0x000000000000056c]
J 13097 c2 java.awt.EventDispatchThread.pumpOneEventForFilters(I)V java.desktop@9.0.4 (218 bytes) @ 0x0000024a122e66b0 [0x0000024a122e6220+0x0000000000000490]
j  java.awt.EventDispatchThread.pumpEventsForFilter(ILjava/awt/Conditional;Ljava/awt/EventFilter;)V+35 java.desktop@9.0.4
j  java.awt.EventDispatchThread.pumpEventsForHierarchy(ILjava/awt/Conditional;Ljava/awt/Component;)V+11 java.desktop@9.0.4
j  java.awt.EventDispatchThread.pumpEvents(ILjava/awt/Conditional;)V+4 java.desktop@9.0.4
j  java.awt.EventDispatchThread.pumpEvents(Ljava/awt/Conditional;)V+3 java.desktop@9.0.4
j  java.awt.EventDispatchThread.run()V+9 java.desktop@9.0.4
v  ~StubRoutines::call_stub

siginfo: EXCEPTION_ACCESS_VIOLATION (0xc0000005), reading address 0x00000000000001f0


Register to memory mapping:

RIP=0x00007ffe4b70eb16 librdi_coregen.dll
RAX=0x0000000000000010 is an unknown value
RBX=0x000000d7204fd2a8 is pointing into the stack for thread: 0x0000024a2719d800
RCX=0x00000000000001f0 is an unknown value
RDX=0x000000d7204fd2a8 is pointing into the stack for thread: 0x0000024a2719d800
RSP=0x000000d7204fd200 is pointing into the stack for thread: 0x0000024a2719d800
RBP=0x000000d7204fd460 is pointing into the stack for thread: 0x0000024a2719d800
RSI=0x00000000000001f0 is an unknown value
RDI=0x000000d7204fd298 is pointing into the stack for thread: 0x0000024a2719d800
R8 =0x0000000000000000 is an unknown value
R9 =0x000000d7204fd298 is pointing into the stack for thread: 0x0000024a2719d800
R10=0x0000000000000000 is an unknown value
R11=0x0000000000000000 is an unknown value
R12=0x0000000000000000 is an unknown value
R13={method} {0x0000024a3842fbf0} 'new_XPG_JTop' '(JLui/xpeguajni/ap;)J' in 'ui/xpeguajni/XPG_JModelJNI'
R14=0x000000d7204fd490 is pointing into the stack for thread: 0x0000024a2719d800
R15=0x0000024a2719d800 is a thread


Registers:
RAX=0x0000000000000010, RBX=0x000000d7204fd2a8, RCX=0x00000000000001f0, RDX=0x000000d7204fd2a8
RSP=0x000000d7204fd200, RBP=0x000000d7204fd460, RSI=0x00000000000001f0, RDI=0x000000d7204fd298
R8 =0x0000000000000000, R9 =0x000000d7204fd298, R10=0x0000000000000000, R11=0x0000000000000000
R12=0x0000000000000000, R13=0x0000024a3842fbe8, R14=0x000000d7204fd490, R15=0x0000024a2719d800
RIP=0x00007ffe4b70eb16, EFLAGS=0x0000000000010206

Top of Stack: (sp=0x000000d7204fd200)
0x000000d7204fd200:   0000000000000002 0000000000000000
0x000000d7204fd210:   0000000000000000 0000024a24f36da0
0x000000d7204fd220:   0000000000000000 0000000000000100
0x000000d7204fd230:   fffffffffffffffe 0000000000000100
0x000000d7204fd240:   0000024a0a6db110 00007ffe4b71143f
0x000000d7204fd250:   000000d7204fd3b0 0000024a355bd0f0
0x000000d7204fd260:   0000000040000021 0000024a2719d800
0x000000d7204fd270:   0000024a2719d810 000000d7204fd490
0x000000d7204fd280:   0000024a3842fbe8 0000000000000000
0x000000d7204fd290:   0000024a0a6db110 0000024a355bd0f0
0x000000d7204fd2a0:   fffffffffffffffe 00007ffe9c9cc296
0x000000d7204fd2b0:   0000000000000020 0000000000000020
0x000000d7204fd2c0:   0000024a2719d800 00005c373520b8e8
0x000000d7204fd2d0:   0000024a0a6db110 00007ffe4b775d2f
0x000000d7204fd2e0:   0000000000000020 00000000620f535c
0x000000d7204fd2f0:   0000024a2719d800 000000d7204fd490 

Instructions: (pc=0x00007ffe4b70eb16)
0x00007ffe4b70eaf6:   48 c7 44 24 30 fe ff ff ff 48 89 5c 24 58 48 89
0x00007ffe4b70eb06:   74 24 60 49 8b f9 45 0f b6 d0 48 8b da 48 8b f1
0x00007ffe4b70eb16:   4c 8b 19 49 8b 43 08 4d 8b cb 41 b0 01 80 78 19
0x00007ffe4b70eb26:   00 75 35 48 8b 17 0f 1f 40 00 4c 8b c8 45 84 d2 



---------------  P R O C E S S  ---------------

Java Threads: ( => current thread )
  0x0000024a3708c000 JavaThread "Monitor File Timestamp Swing Worker" [_thread_blocked, id=2556, stack(0x000000d725500000,0x000000d725a00000)]
  0x0000024a3708d000 JavaThread "Timer-1" [_thread_blocked, id=6248, stack(0x000000d725000000,0x000000d725500000)]
  0x0000024a3708e800 JavaThread "Monitor File Timestamp Swing Worker" [_thread_blocked, id=9784, stack(0x000000d724600000,0x000000d724b00000)]
  0x0000024a33df0800 JavaThread "Timer-0" [_thread_blocked, id=9560, stack(0x000000d723b00000,0x000000d724000000)]
  0x0000024a33df0000 JavaThread "Image Animator 3" daemon [_thread_blocked, id=12744, stack(0x000000d723600000,0x000000d723b00000)]
  0x0000024a01ab3800 JavaThread "SyntheticaAnimation 50" daemon [_thread_blocked, id=10736, stack(0x000000d724100000,0x000000d724600000)]
  0x0000024a33de8800 JavaThread "hw_ila_monitor" [_thread_blocked, id=11100, stack(0x000000d71f100000,0x000000d71f600000)]
  0x0000024a33def000 JavaThread "Update Runs Swing Worker" [_thread_blocked, id=12892, stack(0x000000d723100000,0x000000d723600000)]
  0x0000024a33dee800 JavaThread "Refresh Filesets Swing Worker" [_thread_blocked, id=1692, stack(0x000000d722c00000,0x000000d723100000)]
  0x0000024a01ab1800 JavaThread "SyntheticaAnimation 70" daemon [_thread_blocked, id=6912, stack(0x000000d722600000,0x000000d722b00000)]
  0x0000024a01ab3000 JavaThread "SyntheticaAnimation 25" daemon [_thread_blocked, id=13200, stack(0x000000d722100000,0x000000d722600000)]
  0x0000024a01aae800 JavaThread "SyntheticaAnimation 50" daemon [_thread_blocked, id=3404, stack(0x000000d721c00000,0x000000d722100000)]
  0x0000024a01ab2000 JavaThread "Monitor HEventQueue" [_thread_blocked, id=12408, stack(0x000000d721700000,0x000000d721c00000)]
  0x0000024a01ab5000 JavaThread "Batik CleanerThread" daemon [_thread_blocked, id=10568, stack(0x000000d720a00000,0x000000d720f00000)]
  0x0000024a01ab0800 JavaThread "SyntheticaCleanerThread" daemon [_thread_blocked, id=7252, stack(0x000000d71f600000,0x000000d71fb00000)]
=>0x0000024a2719d800 JavaThread "AWT-EventQueue-1" [_thread_in_native, id=10584, stack(0x000000d720000000,0x000000d720500000)]
  0x0000024a270d0800 JavaThread "Process Messages" [_thread_blocked, id=1584, stack(0x000000d71fb00000,0x000000d720000000)]
  0x0000024a25940800 JavaThread "Thread-1" [_thread_in_native, id=11420, stack(0x000000d718400000,0x000000d719800000)]
  0x0000024a25b4d800 JavaThread "TimerQueue" daemon [_thread_blocked, id=12428, stack(0x000000d71ec00000,0x000000d71f100000)]
  0x0000024a2536a800 JavaThread "AWT-Windows" daemon [_thread_in_native, id=5016, stack(0x000000d71e700000,0x000000d71ec00000)]
  0x0000024a25673800 JavaThread "AWT-Shutdown" [_thread_blocked, id=820, stack(0x000000d71e200000,0x000000d71e700000)]
  0x0000024a25672800 JavaThread "Java2D Disposer" daemon [_thread_blocked, id=12792, stack(0x000000d71dd00000,0x000000d71e200000)]
  0x0000024a00fd9800 JavaThread "Service Thread" daemon [_thread_blocked, id=2368, stack(0x000000d71d700000,0x000000d71dc00000)]
  0x0000024a01c0c000 JavaThread "Common-Cleaner" daemon [_thread_blocked, id=476, stack(0x000000d71d200000,0x000000d71d700000)]
  0x0000024a01aaf000 JavaThread "Sweeper thread" daemon [_thread_blocked, id=1716, stack(0x000000d71cd00000,0x000000d71d200000)]
  0x0000024a01bf1000 JavaThread "C1 CompilerThread3" daemon [_thread_blocked, id=5428, stack(0x000000d71cc00000,0x000000d71cd00000)]
  0x0000024a01bef000 JavaThread "C2 CompilerThread2" daemon [_thread_in_native, id=7704, stack(0x000000d71cb00000,0x000000d71cc00000)]
  0x0000024a0166b800 JavaThread "C2 CompilerThread1" daemon [_thread_blocked, id=12896, stack(0x000000d71ca00000,0x000000d71cb00000)]
  0x0000024a02297000 JavaThread "C2 CompilerThread0" daemon [_thread_blocked, id=7556, stack(0x000000d71c900000,0x000000d71ca00000)]
  0x0000024a008d1800 JavaThread "Attach Listener" daemon [_thread_blocked, id=12004, stack(0x000000d71c400000,0x000000d71c900000)]
  0x0000024a7bf92800 JavaThread "Signal Dispatcher" daemon [_thread_blocked, id=2136, stack(0x000000d71bf00000,0x000000d71c400000)]
  0x0000024a01495000 JavaThread "Finalizer" daemon [_thread_blocked, id=1340, stack(0x000000d71ba00000,0x000000d71bf00000)]
  0x0000024a01494800 JavaThread "Reference Handler" daemon [_thread_blocked, id=4008, stack(0x000000d71b500000,0x000000d71ba00000)]
  0x0000024a7910c000 JavaThread "main" [_thread_blocked, id=10616, stack(0x000000d719a00000,0x000000d719b00000)]

Other Threads:
  0x0000024a01f2a000 VMThread "VM Thread" [stack: 0x000000d71b400000,0x000000d71b500000] [id=3400]
  0x0000024a013dd800 WatcherThread [stack: 0x000000d71dc00000,0x000000d71dd00000] [id=8564]
  0x0000024a7c44d800 GCTaskThread "GC Thread#0" [stack: 0x000000d719b00000,0x000000d719c00000] [id=12444]
  0x0000024a021ee800 GCTaskThread "GC Thread#1" [stack: 0x000000d719c00000,0x000000d719d00000] [id=2600]
  0x0000024a7c545800 GCTaskThread "GC Thread#2" [stack: 0x000000d719d00000,0x000000d719e00000] [id=13296]
  0x0000024a0106f000 GCTaskThread "GC Thread#3" [stack: 0x000000d719e00000,0x000000d719f00000] [id=12396]
  0x0000024a0214c800 GCTaskThread "GC Thread#4" [stack: 0x000000d719f00000,0x000000d71a000000] [id=1380]
  0x0000024a7cbe3800 GCTaskThread "GC Thread#5" [stack: 0x000000d71a000000,0x000000d71a100000] [id=4948]
  0x0000024a00583000 GCTaskThread "GC Thread#6" [stack: 0x000000d71a100000,0x000000d71a200000] [id=12484]
  0x0000024a00c25800 GCTaskThread "GC Thread#7" [stack: 0x000000d71a200000,0x000000d71a300000] [id=12412]
  0x0000024a010cd800 GCTaskThread "GC Thread#8" [stack: 0x000000d71a300000,0x000000d71a400000] [id=9664]
  0x0000024a010ce000 GCTaskThread "GC Thread#9" [stack: 0x000000d71a400000,0x000000d71a500000] [id=11600]
  0x0000024a030ba800 ConcurrentGCThread "G1 Main Marker" [stack: 0x000000d71b000000,0x000000d71b100000] [id=1948]
  0x0000024a7c667800 ConcurrentGCThread "G1 Marker#0" [stack: 0x000000d71b100000,0x000000d71b200000] [id=11940]
  0x0000024a7c668000 ConcurrentGCThread "G1 Marker#1" [stack: 0x000000d71b200000,0x000000d71b300000] [id=12188]
  0x0000024a013d7800 ConcurrentGCThread "G1 Marker#2" [stack: 0x000000d71b300000,0x000000d71b400000] [id=2736]
  0x0000024a0212c000 ConcurrentGCThread "G1 Refine#0" [stack: 0x000000d71ae00000,0x000000d71af00000] [id=992]
  0x0000024a7c54b000 ConcurrentGCThread "G1 Refine#1" [stack: 0x000000d71ad00000,0x000000d71ae00000] [id=1620]
  0x0000024a7c54a800 ConcurrentGCThread "G1 Refine#2" [stack: 0x000000d71ac00000,0x000000d71ad00000] [id=1436]
  0x0000024a01358800 ConcurrentGCThread "G1 Refine#3" [stack: 0x000000d71ab00000,0x000000d71ac00000] [id=8444]
  0x0000024a7c7df000 ConcurrentGCThread "G1 Refine#4" [stack: 0x000000d71aa00000,0x000000d71ab00000] [id=6876]
  0x0000024a7c7de000 ConcurrentGCThread "G1 Refine#5" [stack: 0x000000d71a900000,0x000000d71aa00000] [id=2972]
  0x0000024a01bee800 ConcurrentGCThread "G1 Refine#6" [stack: 0x000000d71a800000,0x000000d71a900000] [id=6384]
  0x0000024a01bed800 ConcurrentGCThread "G1 Refine#7" [stack: 0x000000d71a700000,0x000000d71a800000] [id=12812]
  0x0000024a7be39800 ConcurrentGCThread "G1 Refine#8" [stack: 0x000000d71a600000,0x000000d71a700000] [id=1420]
  0x0000024a7b729000 ConcurrentGCThread "G1 Refine#9" [stack: 0x000000d71a500000,0x000000d71a600000] [id=2148]
  0x0000024a7c5a9800 ConcurrentGCThread "G1 Young RemSet Sampling" [stack: 0x000000d71af00000,0x000000d71b000000] [id=7224]

Threads with active compile tasks:
C2 CompilerThread213999   !   4       com.jidesoft.plaf.basic.BasicStyledLabelUI::getPreferredSize (1037 bytes)

VM state:not at safepoint (normal execution)

VM Mutex/Monitor currently owned by a thread: None

Heap address: 0x0000000700000000, size: 3072 MB, Compressed Oops mode: Zero based, Oop shift amount: 3
Narrow klass base: 0x0000000000000000, Narrow klass shift: 3
Compressed class space size: 1073741824 Address: 0x00000007c0000000

Heap:
 garbage-first heap   total 144384K, used 113984K [0x0000000700000000, 0x0000000700100468, 0x00000007c0000000)
  region size 1024K, 51 young (52224K), 2 survivors (2048K)
 Metaspace       used 70010K, capacity 74516K, committed 74800K, reserved 1114112K
  class space    used 9683K, capacity 10476K, committed 10544K, reserved 1048576K
Heap Regions: E=young(eden), S=young(survivor), O=old, HS=humongous(starts), HC=humongous(continues), CS=collection set, F=free, A=archive, TS=gc time stamp, AC=allocation context, TAMS=top-at-mark-start (previous, next)
|   0|0x0000000700000000, 0x00000007000fcd00, 0x0000000700100000| 98%| O|  |TS  0|AC  0|TAMS 0x0000000700000000, 0x0000000700000000|
|   1|0x0000000700100000, 0x0000000700200000, 0x0000000700200000|100%|HS|  |TS  0|AC  0|TAMS 0x0000000700100000, 0x0000000700100000|
|   2|0x0000000700200000, 0x0000000700300000, 0x0000000700300000|100%|HC|  |TS  0|AC  0|TAMS 0x0000000700200000, 0x0000000700200000|
|   3|0x0000000700300000, 0x0000000700400000, 0x0000000700400000|100%|HS|  |TS  0|AC  0|TAMS 0x0000000700300000, 0x0000000700300000|
|   4|0x0000000700400000, 0x00000007004fffb8, 0x0000000700500000| 99%| O|  |TS  0|AC  0|TAMS 0x0000000700400000, 0x0000000700400000|
|   5|0x0000000700500000, 0x00000007005ffff0, 0x0000000700600000| 99%| O|  |TS  0|AC  0|TAMS 0x0000000700500000, 0x0000000700500000|
|   6|0x0000000700600000, 0x00000007006ffff8, 0x0000000700700000| 99%| O|  |TS  0|AC  0|TAMS 0x0000000700600000, 0x0000000700600000|
|   7|0x0000000700700000, 0x00000007007ffff8, 0x0000000700800000| 99%| O|  |TS  0|AC  0|TAMS 0x0000000700700000, 0x0000000700700000|
|   8|0x0000000700800000, 0x000000070088c768, 0x0000000700900000| 54%| O|  |TS  0|AC  0|TAMS 0x0000000700800000, 0x0000000700800000|
|   9|0x0000000700900000, 0x00000007009ffff0, 0x0000000700a00000| 99%| O|  |TS  0|AC  0|TAMS 0x0000000700900000, 0x0000000700900000|
|  10|0x0000000700a00000, 0x0000000700affff0, 0x0000000700b00000| 99%| O|  |TS  0|AC  0|TAMS 0x0000000700a00000, 0x0000000700a00000|
|  11|0x0000000700b00000, 0x0000000700bda7f0, 0x0000000700c00000| 85%| O|  |TS  0|AC  0|TAMS 0x0000000700b00000, 0x0000000700b00000|
|  12|0x0000000700c00000, 0x0000000700ce7f58, 0x0000000700d00000| 90%| O|  |TS  0|AC  0|TAMS 0x0000000700c00000, 0x0000000700c00000|
|  13|0x0000000700d00000, 0x0000000700dfffe8, 0x0000000700e00000| 99%| O|  |TS  0|AC  0|TAMS 0x0000000700d00000, 0x0000000700d00000|
|  14|0x0000000700e00000, 0x0000000700ef89c8, 0x0000000700f00000| 97%| O|  |TS  0|AC  0|TAMS 0x0000000700e00000, 0x0000000700e00000|
|  15|0x0000000700f00000, 0x0000000700ff3f30, 0x0000000701000000| 95%| O|  |TS  0|AC  0|TAMS 0x0000000700f00000, 0x0000000700f00000|
|  16|0x0000000701000000, 0x00000007010ffff8, 0x0000000701100000| 99%| O|  |TS  0|AC  0|TAMS 0x0000000701000000, 0x0000000701000000|
|  17|0x0000000701100000, 0x00000007011fffd0, 0x0000000701200000| 99%| O|  |TS  0|AC  0|TAMS 0x0000000701100000, 0x0000000701100000|
|  18|0x0000000701200000, 0x00000007012fffe0, 0x0000000701300000| 99%| O|  |TS  0|AC  0|TAMS 0x0000000701200000, 0x0000000701200000|
|  19|0x0000000701300000, 0x00000007013ffdb8, 0x0000000701400000| 99%| O|  |TS  0|AC  0|TAMS 0x0000000701300000, 0x0000000701300000|
|  20|0x0000000701400000, 0x00000007014fffe8, 0x0000000701500000| 99%| O|  |TS  0|AC  0|TAMS 0x0000000701400000, 0x0000000701400000|
|  21|0x0000000701500000, 0x00000007015ffff0, 0x0000000701600000| 99%| O|  |TS  0|AC  0|TAMS 0x0000000701500000, 0x0000000701500000|
|  22|0x0000000701600000, 0x00000007016fff10, 0x0000000701700000| 99%| O|  |TS  0|AC  0|TAMS 0x0000000701600000, 0x0000000701600000|
|  23|0x0000000701700000, 0x00000007017fffe0, 0x0000000701800000| 99%| O|  |TS  0|AC  0|TAMS 0x0000000701700000, 0x0000000701700000|
|  24|0x0000000701800000, 0x00000007018fffd0, 0x0000000701900000| 99%| O|  |TS  0|AC  0|TAMS 0x0000000701800000, 0x0000000701800000|
|  25|0x0000000701900000, 0x00000007019ffff0, 0x0000000701a00000| 99%| O|  |TS  0|AC  0|TAMS 0x0000000701900000, 0x0000000701900000|
|  26|0x0000000701a00000, 0x0000000701affff8, 0x0000000701b00000| 99%| O|  |TS  0|AC  0|TAMS 0x0000000701a00000, 0x0000000701a00000|
|  27|0x0000000701b00000, 0x0000000701bfffe8, 0x0000000701c00000| 99%| O|  |TS  0|AC  0|TAMS 0x0000000701b00000, 0x0000000701b00000|
|  28|0x0000000701c00000, 0x0000000701cfffa0, 0x0000000701d00000| 99%| O|  |TS  0|AC  0|TAMS 0x0000000701c00000, 0x0000000701c00000|
|  29|0x0000000701d00000, 0x0000000701dffdf0, 0x0000000701e00000| 99%| O|  |TS  0|AC  0|TAMS 0x0000000701d00000, 0x0000000701d00000|
|  30|0x0000000701e00000, 0x0000000701efffe8, 0x0000000701f00000| 99%| O|  |TS  0|AC  0|TAMS 0x0000000701e00000, 0x0000000701e00000|
|  31|0x0000000701f00000, 0x0000000701ffffe0, 0x0000000702000000| 99%| O|  |TS  0|AC  0|TAMS 0x0000000701f00000, 0x0000000701f00000|
|  32|0x0000000702000000, 0x0000000702100000, 0x0000000702100000|100%| O|  |TS  0|AC  0|TAMS 0x0000000702000000, 0x0000000702000000|
|  33|0x0000000702100000, 0x00000007021ffff0, 0x0000000702200000| 99%| O|  |TS  0|AC  0|TAMS 0x0000000702100000, 0x0000000702100000|
|  34|0x0000000702200000, 0x00000007022ff888, 0x0000000702300000| 99%| O|  |TS  0|AC  0|TAMS 0x0000000702200000, 0x0000000702200000|
|  35|0x0000000702300000, 0x0000000702400000, 0x0000000702400000|100%|HS|  |TS  0|AC  0|TAMS 0x0000000702300000, 0x0000000702300000|
|  36|0x0000000702400000, 0x0000000702500000, 0x0000000702500000|100%|HC|  |TS  0|AC  0|TAMS 0x0000000702400000, 0x0000000702400000|
|  37|0x0000000702500000, 0x0000000702600000, 0x0000000702600000|100%|HC|  |TS  0|AC  0|TAMS 0x0000000702500000, 0x0000000702500000|
|  38|0x0000000702600000, 0x00000007026fffe0, 0x0000000702700000| 99%| O|  |TS  0|AC  0|TAMS 0x0000000702600000, 0x0000000702600000|
|  39|0x0000000702700000, 0x00000007027f12d0, 0x0000000702800000| 94%| O|  |TS  0|AC  0|TAMS 0x0000000702700000, 0x0000000702700000|
|  40|0x0000000702800000, 0x0000000702900000, 0x0000000702900000|100%| O|  |TS  0|AC  0|TAMS 0x0000000702800000, 0x0000000702800000|
|  41|0x0000000702900000, 0x00000007029fffe8, 0x0000000702a00000| 99%| O|  |TS  0|AC  0|TAMS 0x0000000702900000, 0x0000000702900000|
|  42|0x0000000702a00000, 0x0000000702ae5ff8, 0x0000000702b00000| 89%| O|  |TS  0|AC  0|TAMS 0x0000000702a00000, 0x0000000702a00000|
|  43|0x0000000702b00000, 0x0000000702b3d870, 0x0000000702c00000| 24%| O|  |TS  0|AC  0|TAMS 0x0000000702b00000, 0x0000000702b00000|
|  44|0x0000000702c00000, 0x0000000702d00000, 0x0000000702d00000|100%| O|  |TS  3|AC  0|TAMS 0x0000000702c00000, 0x0000000702c00000|
|  45|0x0000000702d00000, 0x0000000702e00000, 0x0000000702e00000|100%| O|  |TS  3|AC  0|TAMS 0x0000000702d00000, 0x0000000702d00000|
|  46|0x0000000702e00000, 0x0000000702f00000, 0x0000000702f00000|100%| O|  |TS  3|AC  0|TAMS 0x0000000702e00000, 0x0000000702e00000|
|  47|0x0000000702f00000, 0x0000000703000000, 0x0000000703000000|100%| O|  |TS  5|AC  0|TAMS 0x0000000702f00000, 0x0000000702f00000|
|  48|0x0000000703000000, 0x0000000703100000, 0x0000000703100000|100%| O|  |TS  5|AC  0|TAMS 0x0000000703000000, 0x0000000703000000|
|  49|0x0000000703100000, 0x0000000703200000, 0x0000000703200000|100%| O|  |TS  5|AC  0|TAMS 0x0000000703100000, 0x0000000703100000|
|  50|0x0000000703200000, 0x0000000703300000, 0x0000000703300000|100%| O|  |TS  5|AC  0|TAMS 0x0000000703200000, 0x0000000703200000|
|  51|0x0000000703300000, 0x0000000703400000, 0x0000000703400000|100%| O|  |TS 19|AC  0|TAMS 0x0000000703300000, 0x0000000703300000|
|  52|0x0000000703400000, 0x0000000703500000, 0x0000000703500000|100%| O|  |TS 47|AC  0|TAMS 0x0000000703400000, 0x0000000703400000|
|  53|0x0000000703500000, 0x0000000703600000, 0x0000000703600000|100%| O|  |TS 47|AC  0|TAMS 0x0000000703500000, 0x0000000703500000|
|  54|0x0000000703600000, 0x0000000703700000, 0x0000000703700000|100%|HS|  |TS  0|AC  0|TAMS 0x0000000703600000, 0x0000000703600000|
|  55|0x0000000703700000, 0x0000000703800000, 0x0000000703800000|100%|HC|  |TS  0|AC  0|TAMS 0x0000000703700000, 0x0000000703700000|
|  56|0x0000000703800000, 0x0000000703900000, 0x0000000703900000|100%|HC|  |TS  0|AC  0|TAMS 0x0000000703800000, 0x0000000703800000|
|  57|0x0000000703900000, 0x0000000703a00000, 0x0000000703a00000|100%|HC|  |TS  0|AC  0|TAMS 0x0000000703900000, 0x0000000703900000|
|  58|0x0000000703a00000, 0x0000000703b00000, 0x0000000703b00000|100%|HC|  |TS  0|AC  0|TAMS 0x0000000703a00000, 0x0000000703a00000|
|  59|0x0000000703b00000, 0x0000000703c00000, 0x0000000703c00000|100%|HC|  |TS  0|AC  0|TAMS 0x0000000703b00000, 0x0000000703b00000|
|  60|0x0000000703c00000, 0x0000000703d00000, 0x0000000703d00000|100%|HC|  |TS  0|AC  0|TAMS 0x0000000703c00000, 0x0000000703c00000|
|  61|0x0000000703d00000, 0x0000000703e00000, 0x0000000703e00000|100%|HC|  |TS  0|AC  0|TAMS 0x0000000703d00000, 0x0000000703d00000|
|  62|0x0000000703e00000, 0x0000000703f00000, 0x0000000703f00000|100%| O|  |TS 49|AC  0|TAMS 0x0000000703e00000, 0x0000000703e00000|
|  63|0x0000000703f00000, 0x0000000703f26800, 0x0000000704000000| 15%| O|  |TS 49|AC  0|TAMS 0x0000000703f00000, 0x0000000703f00000|
|  64|0x0000000704000000, 0x0000000704000000, 0x0000000704100000|  0%| F|  |TS  0|AC  0|TAMS 0x0000000704000000, 0x0000000704000000|
|  65|0x0000000704100000, 0x0000000704100000, 0x0000000704200000|  0%| F|  |TS  0|AC  0|TAMS 0x0000000704100000, 0x0000000704100000|
|  66|0x0000000704200000, 0x0000000704200000, 0x0000000704300000|  0%| F|  |TS  0|AC  0|TAMS 0x0000000704200000, 0x0000000704200000|
|  67|0x0000000704300000, 0x0000000704300000, 0x0000000704400000|  0%| F|  |TS  0|AC  0|TAMS 0x0000000704300000, 0x0000000704300000|
|  68|0x0000000704400000, 0x0000000704400000, 0x0000000704500000|  0%| F|  |TS  0|AC  0|TAMS 0x0000000704400000, 0x0000000704400000|
|  69|0x0000000704500000, 0x0000000704500000, 0x0000000704600000|  0%| F|  |TS  0|AC  0|TAMS 0x0000000704500000, 0x0000000704500000|
|  70|0x0000000704600000, 0x0000000704600000, 0x0000000704700000|  0%| F|  |TS  0|AC  0|TAMS 0x0000000704600000, 0x0000000704600000|
|  71|0x0000000704700000, 0x0000000704700000, 0x0000000704800000|  0%| F|  |TS  0|AC  0|TAMS 0x0000000704700000, 0x0000000704700000|
|  72|0x0000000704800000, 0x0000000704800000, 0x0000000704900000|  0%| F|  |TS  0|AC  0|TAMS 0x0000000704800000, 0x0000000704800000|
|  73|0x0000000704900000, 0x0000000704900000, 0x0000000704a00000|  0%| F|  |TS  3|AC  0|TAMS 0x0000000704900000, 0x0000000704900000|
|  74|0x0000000704a00000, 0x0000000704a00000, 0x0000000704b00000|  0%| F|  |TS  3|AC  0|TAMS 0x0000000704a00000, 0x0000000704a00000|
|  75|0x0000000704b00000, 0x0000000704b00000, 0x0000000704c00000|  0%| F|  |TS 19|AC  0|TAMS 0x0000000704b00000, 0x0000000704b00000|
|  76|0x0000000704c00000, 0x0000000704c00000, 0x0000000704d00000|  0%| F|  |TS 43|AC  0|TAMS 0x0000000704c00000, 0x0000000704c00000|
|  77|0x0000000704d00000, 0x0000000704d00000, 0x0000000704e00000|  0%| F|  |TS 47|AC  0|TAMS 0x0000000704d00000, 0x0000000704d00000|
|  78|0x0000000704e00000, 0x0000000704e00000, 0x0000000704f00000|  0%| F|  |TS 47|AC  0|TAMS 0x0000000704e00000, 0x0000000704e00000|
|  79|0x0000000704f00000, 0x0000000704fdd7d0, 0x0000000705000000| 86%| S|CS|TS 49|AC  0|TAMS 0x0000000704f00000, 0x0000000704f00000|
|  80|0x0000000705000000, 0x0000000705100000, 0x0000000705100000|100%| S|CS|TS 49|AC  0|TAMS 0x0000000705000000, 0x0000000705000000|
|  81|0x0000000705100000, 0x0000000705100000, 0x0000000705200000|  0%| F|  |TS 49|AC  0|TAMS 0x0000000705100000, 0x0000000705100000|
|  82|0x0000000705200000, 0x0000000705200000, 0x0000000705300000|  0%| F|  |TS 49|AC  0|TAMS 0x0000000705200000, 0x0000000705200000|
|  83|0x0000000705300000, 0x0000000705300000, 0x0000000705400000|  0%| F|  |TS 49|AC  0|TAMS 0x0000000705300000, 0x0000000705300000|
|  84|0x0000000705400000, 0x0000000705400000, 0x0000000705500000|  0%| F|  |TS 49|AC  0|TAMS 0x0000000705400000, 0x0000000705400000|
|  85|0x0000000705500000, 0x0000000705500000, 0x0000000705600000|  0%| F|  |TS 49|AC  0|TAMS 0x0000000705500000, 0x0000000705500000|
|  86|0x0000000705600000, 0x0000000705600000, 0x0000000705700000|  0%| F|  |TS 49|AC  0|TAMS 0x0000000705600000, 0x0000000705600000|
|  87|0x0000000705700000, 0x0000000705700000, 0x0000000705800000|  0%| F|  |TS 49|AC  0|TAMS 0x0000000705700000, 0x0000000705700000|
|  88|0x0000000705800000, 0x0000000705800000, 0x0000000705900000|  0%| F|  |TS 49|AC  0|TAMS 0x0000000705800000, 0x0000000705800000|
|  89|0x0000000705900000, 0x0000000705900000, 0x0000000705a00000|  0%| F|  |TS 49|AC  0|TAMS 0x0000000705900000, 0x0000000705900000|
|  90|0x0000000705a00000, 0x0000000705a00000, 0x0000000705b00000|  0%| F|  |TS 49|AC  0|TAMS 0x0000000705a00000, 0x0000000705a00000|
|  91|0x0000000705b00000, 0x0000000705b00000, 0x0000000705c00000|  0%| F|  |TS 49|AC  0|TAMS 0x0000000705b00000, 0x0000000705b00000|
|  92|0x0000000705c00000, 0x0000000705c82730, 0x0000000705d00000| 50%| E|  |TS 49|AC  0|TAMS 0x0000000705c00000, 0x0000000705c00000|
|  93|0x0000000705d00000, 0x0000000705e00000, 0x0000000705e00000|100%| E|CS|TS 49|AC  0|TAMS 0x0000000705d00000, 0x0000000705d00000|
|  94|0x0000000705e00000, 0x0000000705f00000, 0x0000000705f00000|100%| E|CS|TS 49|AC  0|TAMS 0x0000000705e00000, 0x0000000705e00000|
|  95|0x0000000705f00000, 0x0000000706000000, 0x0000000706000000|100%| E|CS|TS 49|AC  0|TAMS 0x0000000705f00000, 0x0000000705f00000|
|  96|0x0000000706000000, 0x0000000706100000, 0x0000000706100000|100%| E|CS|TS 49|AC  0|TAMS 0x0000000706000000, 0x0000000706000000|
|  97|0x0000000706100000, 0x0000000706200000, 0x0000000706200000|100%| E|CS|TS 49|AC  0|TAMS 0x0000000706100000, 0x0000000706100000|
|  98|0x0000000706200000, 0x0000000706300000, 0x0000000706300000|100%| E|CS|TS 49|AC  0|TAMS 0x0000000706200000, 0x0000000706200000|
|  99|0x0000000706300000, 0x0000000706400000, 0x0000000706400000|100%| E|CS|TS 49|AC  0|TAMS 0x0000000706300000, 0x0000000706300000|
| 100|0x0000000706400000, 0x0000000706500000, 0x0000000706500000|100%| E|CS|TS 49|AC  0|TAMS 0x0000000706400000, 0x0000000706400000|
| 101|0x0000000706500000, 0x0000000706600000, 0x0000000706600000|100%| E|CS|TS 49|AC  0|TAMS 0x0000000706500000, 0x0000000706500000|
| 102|0x0000000706600000, 0x0000000706700000, 0x0000000706700000|100%| E|CS|TS 49|AC  0|TAMS 0x0000000706600000, 0x0000000706600000|
| 103|0x0000000706700000, 0x0000000706800000, 0x0000000706800000|100%| E|CS|TS 49|AC  0|TAMS 0x0000000706700000, 0x0000000706700000|
| 104|0x0000000706800000, 0x0000000706900000, 0x0000000706900000|100%| E|CS|TS 49|AC  0|TAMS 0x0000000706800000, 0x0000000706800000|
| 105|0x0000000706900000, 0x0000000706a00000, 0x0000000706a00000|100%| E|CS|TS 49|AC  0|TAMS 0x0000000706900000, 0x0000000706900000|
| 106|0x0000000706a00000, 0x0000000706b00000, 0x0000000706b00000|100%| E|CS|TS 49|AC  0|TAMS 0x0000000706a00000, 0x0000000706a00000|
| 107|0x0000000706b00000, 0x0000000706c00000, 0x0000000706c00000|100%| E|CS|TS 49|AC  0|TAMS 0x0000000706b00000, 0x0000000706b00000|
| 108|0x0000000706c00000, 0x0000000706d00000, 0x0000000706d00000|100%| E|CS|TS 49|AC  0|TAMS 0x0000000706c00000, 0x0000000706c00000|
| 109|0x0000000706d00000, 0x0000000706e00000, 0x0000000706e00000|100%| E|CS|TS 49|AC  0|TAMS 0x0000000706d00000, 0x0000000706d00000|
| 110|0x0000000706e00000, 0x0000000706f00000, 0x0000000706f00000|100%| E|CS|TS 49|AC  0|TAMS 0x0000000706e00000, 0x0000000706e00000|
| 111|0x0000000706f00000, 0x0000000707000000, 0x0000000707000000|100%| E|CS|TS 49|AC  0|TAMS 0x0000000706f00000, 0x0000000706f00000|
| 112|0x0000000707000000, 0x0000000707100000, 0x0000000707100000|100%| E|CS|TS 49|AC  0|TAMS 0x0000000707000000, 0x0000000707000000|
| 113|0x0000000707100000, 0x0000000707200000, 0x0000000707200000|100%| E|CS|TS 49|AC  0|TAMS 0x0000000707100000, 0x0000000707100000|
| 114|0x0000000707200000, 0x0000000707300000, 0x0000000707300000|100%| E|CS|TS 49|AC  0|TAMS 0x0000000707200000, 0x0000000707200000|
| 115|0x0000000707300000, 0x0000000707400000, 0x0000000707400000|100%| E|CS|TS 49|AC  0|TAMS 0x0000000707300000, 0x0000000707300000|
| 116|0x0000000707400000, 0x0000000707500000, 0x0000000707500000|100%| E|CS|TS 49|AC  0|TAMS 0x0000000707400000, 0x0000000707400000|
| 117|0x0000000707500000, 0x0000000707600000, 0x0000000707600000|100%| E|CS|TS 49|AC  0|TAMS 0x0000000707500000, 0x0000000707500000|
| 118|0x0000000707600000, 0x0000000707700000, 0x0000000707700000|100%| E|CS|TS 49|AC  0|TAMS 0x0000000707600000, 0x0000000707600000|
| 119|0x0000000707700000, 0x0000000707800000, 0x0000000707800000|100%| E|CS|TS 49|AC  0|TAMS 0x0000000707700000, 0x0000000707700000|
| 120|0x0000000707800000, 0x0000000707900000, 0x0000000707900000|100%| E|CS|TS 49|AC  0|TAMS 0x0000000707800000, 0x0000000707800000|
| 121|0x0000000707900000, 0x0000000707a00000, 0x0000000707a00000|100%| E|CS|TS 49|AC  0|TAMS 0x0000000707900000, 0x0000000707900000|
| 122|0x0000000707a00000, 0x0000000707b00000, 0x0000000707b00000|100%| E|CS|TS 49|AC  0|TAMS 0x0000000707a00000, 0x0000000707a00000|
| 123|0x0000000707b00000, 0x0000000707c00000, 0x0000000707c00000|100%| E|CS|TS 49|AC  0|TAMS 0x0000000707b00000, 0x0000000707b00000|
| 124|0x0000000707c00000, 0x0000000707d00000, 0x0000000707d00000|100%| E|CS|TS 49|AC  0|TAMS 0x0000000707c00000, 0x0000000707c00000|
| 125|0x0000000707d00000, 0x0000000707e00000, 0x0000000707e00000|100%| E|CS|TS 49|AC  0|TAMS 0x0000000707d00000, 0x0000000707d00000|
| 126|0x0000000707e00000, 0x0000000707f00000, 0x0000000707f00000|100%| E|CS|TS 49|AC  0|TAMS 0x0000000707e00000, 0x0000000707e00000|
| 127|0x0000000707f00000, 0x0000000708000000, 0x0000000708000000|100%| E|CS|TS 49|AC  0|TAMS 0x0000000707f00000, 0x0000000707f00000|
| 128|0x0000000708000000, 0x0000000708100000, 0x0000000708100000|100%| E|CS|TS 49|AC  0|TAMS 0x0000000708000000, 0x0000000708000000|
| 129|0x0000000708100000, 0x0000000708200000, 0x0000000708200000|100%| E|CS|TS 49|AC  0|TAMS 0x0000000708100000, 0x0000000708100000|
| 130|0x0000000708200000, 0x0000000708300000, 0x0000000708300000|100%| E|CS|TS 49|AC  0|TAMS 0x0000000708200000, 0x0000000708200000|
| 131|0x0000000708300000, 0x0000000708400000, 0x0000000708400000|100%| E|CS|TS 49|AC  0|TAMS 0x0000000708300000, 0x0000000708300000|
| 132|0x0000000708400000, 0x0000000708500000, 0x0000000708500000|100%| E|CS|TS 49|AC  0|TAMS 0x0000000708400000, 0x0000000708400000|
| 133|0x0000000708500000, 0x0000000708600000, 0x0000000708600000|100%| E|CS|TS 49|AC  0|TAMS 0x0000000708500000, 0x0000000708500000|
| 134|0x0000000708600000, 0x0000000708700000, 0x0000000708700000|100%| E|CS|TS 49|AC  0|TAMS 0x0000000708600000, 0x0000000708600000|
| 135|0x0000000708700000, 0x0000000708800000, 0x0000000708800000|100%| E|CS|TS 49|AC  0|TAMS 0x0000000708700000, 0x0000000708700000|
| 136|0x0000000708800000, 0x0000000708900000, 0x0000000708900000|100%| E|CS|TS 49|AC  0|TAMS 0x0000000708800000, 0x0000000708800000|
| 137|0x0000000708900000, 0x0000000708a00000, 0x0000000708a00000|100%| E|CS|TS 49|AC  0|TAMS 0x0000000708900000, 0x0000000708900000|
| 138|0x0000000708a00000, 0x0000000708b00000, 0x0000000708b00000|100%| E|CS|TS 49|AC  0|TAMS 0x0000000708a00000, 0x0000000708a00000|
| 139|0x0000000708b00000, 0x0000000708c00000, 0x0000000708c00000|100%| E|CS|TS 49|AC  0|TAMS 0x0000000708b00000, 0x0000000708b00000|
| 140|0x0000000708c00000, 0x0000000708d00000, 0x0000000708d00000|100%| E|CS|TS 49|AC  0|TAMS 0x0000000708c00000, 0x0000000708c00000|

Card table byte_map: [0x0000024a1ad80000,0x0000024a1b380000] byte_map_base: 0x0000024a17580000

Marking Bits (Prev, Next): (CMBitMap*) 0x0000024a030b9fa0, (CMBitMap*) 0x0000024a030b9fd8
 Prev Bits: [0x0000024a1b980000, 0x0000024a1e980000)
 Next Bits: [0x0000024a1e980000, 0x0000024a21980000)

Polling page: 0x0000024a00110000

CodeHeap 'non-profiled nmethods': size=120000Kb used=11966Kb max_used=11966Kb free=108033Kb
 bounds [0x0000024a121a0000, 0x0000024a12d60000, 0x0000024a196d0000]
CodeHeap 'profiled nmethods': size=120000Kb used=32753Kb max_used=32753Kb free=87246Kb
 bounds [0x0000024a0ac70000, 0x0000024a0cc90000, 0x0000024a121a0000]
CodeHeap 'non-nmethods': size=5760Kb used=1706Kb max_used=1750Kb free=4053Kb
 bounds [0x0000024a0a6d0000, 0x0000024a0a940000, 0x0000024a0ac70000]
 total_blobs=20017 nmethods=12393 adapters=1007
 compilation: enabled

Compilation events (10 events):
Event: 890.233 Thread 0x0000024a02297000 14028       4       jdk.internal.org.objectweb.asm.ClassWriter::newNameTypeItem (71 bytes)
Event: 890.236 Thread 0x0000024a0166b800 nmethod 14025 0x0000024a12d4d090 code [0x0000024a12d4d280, 0x0000024a12d4dc88]
Event: 890.242 Thread 0x0000024a02297000 nmethod 14028 0x0000024a12d4e190 code [0x0000024a12d4e3a0, 0x0000024a12d4eeb0]
Event: 890.244 Thread 0x0000024a01bf1000 14029       3       sun.font.CompositeStrike::getFontMetrics (56 bytes)
Event: 890.244 Thread 0x0000024a01bf1000 nmethod 14029 0x0000024a0cc86b10 code [0x0000024a0cc86d00, 0x0000024a0cc872a0]
Event: 890.244 Thread 0x0000024a01bf1000 14030       1       ui.utils.o.w.Y::e (5 bytes)
Event: 890.244 Thread 0x0000024a01bf1000 nmethod 14030 0x0000024a12d4f510 code [0x0000024a12d4f6c0, 0x0000024a12d4f7b8]
Event: 890.244 Thread 0x0000024a01bf1000 14031       1       ui.utils.o.w.Y::f (5 bytes)
Event: 890.244 Thread 0x0000024a01bf1000 nmethod 14031 0x0000024a12d4f890 code [0x0000024a12d4fa40, 0x0000024a12d4fb38]
Event: 890.245 Thread 0x0000024a0166b800 14032       4       java.lang.String::replace (42 bytes)

GC Heap History (10 events):
Event: 472.704 GC heap before
{Heap before GC invocations=31 (full 1):
 garbage-first heap   total 144384K, used 121235K [0x0000000700000000, 0x0000000700100468, 0x00000007c0000000)
  region size 1024K, 60 young (61440K), 4 survivors (4096K)
 Metaspace       used 69471K, capacity 73958K, committed 74288K, reserved 1114112K
  class space    used 9639K, capacity 10441K, committed 10544K, reserved 1048576K
}
Event: 472.707 GC heap after
{Heap after GC invocations=32 (full 1):
 garbage-first heap   total 144384K, used 64323K [0x0000000700000000, 0x0000000700100468, 0x00000007c0000000)
  region size 1024K, 5 young (5120K), 5 survivors (5120K)
 Metaspace       used 69471K, capacity 73958K, committed 74288K, reserved 1114112K
  class space    used 9639K, capacity 10441K, committed 10544K, reserved 1048576K
}
Event: 635.199 GC heap before
{Heap before GC invocations=32 (full 1):
 garbage-first heap   total 144384K, used 120643K [0x0000000700000000, 0x0000000700100468, 0x00000007c0000000)
  region size 1024K, 60 young (61440K), 5 survivors (5120K)
 Metaspace       used 69499K, capacity 73958K, committed 74288K, reserved 1114112K
  class space    used 9639K, capacity 10441K, committed 10544K, reserved 1048576K
}
Event: 635.202 GC heap after
{Heap after GC invocations=33 (full 1):
 garbage-first heap   total 144384K, used 64424K [0x0000000700000000, 0x0000000700100468, 0x00000007c0000000)
  region size 1024K, 5 young (5120K), 5 survivors (5120K)
 Metaspace       used 69499K, capacity 73958K, committed 74288K, reserved 1114112K
  class space    used 9639K, capacity 10441K, committed 10544K, reserved 1048576K
}
Event: 797.881 GC heap before
{Heap before GC invocations=33 (full 1):
 garbage-first heap   total 144384K, used 120744K [0x0000000700000000, 0x0000000700100468, 0x00000007c0000000)
  region size 1024K, 60 young (61440K), 5 survivors (5120K)
 Metaspace       used 69550K, capacity 74022K, committed 74288K, reserved 1114112K
  class space    used 9639K, capacity 10441K, committed 10544K, reserved 1048576K
}
Event: 797.884 GC heap after
{Heap after GC invocations=34 (full 1):
 garbage-first heap   total 144384K, used 64477K [0x0000000700000000, 0x0000000700100468, 0x00000007c0000000)
  region size 1024K, 4 young (4096K), 4 survivors (4096K)
 Metaspace       used 69550K, capacity 74022K, committed 74288K, reserved 1114112K
  class space    used 9639K, capacity 10441K, committed 10544K, reserved 1048576K
}
Event: 885.794 GC heap before
{Heap before GC invocations=34 (full 1):
 garbage-first heap   total 144384K, used 121821K [0x0000000700000000, 0x0000000700100468, 0x00000007c0000000)
  region size 1024K, 60 young (61440K), 4 survivors (4096K)
 Metaspace       used 69557K, capacity 74086K, committed 74288K, reserved 1114112K
  class space    used 9639K, capacity 10441K, committed 10544K, reserved 1048576K
}
Event: 885.796 GC heap after
{Heap after GC invocations=35 (full 1):
 garbage-first heap   total 144384K, used 64223K [0x0000000700000000, 0x0000000700100468, 0x00000007c0000000)
  region size 1024K, 2 young (2048K), 2 survivors (2048K)
 Metaspace       used 69557K, capacity 74086K, committed 74288K, reserved 1114112K
  class space    used 9639K, capacity 10441K, committed 10544K, reserved 1048576K
}
Event: 890.109 GC heap before
{Heap before GC invocations=35 (full 1):
 garbage-first heap   total 144384K, used 123615K [0x0000000700000000, 0x0000000700100468, 0x00000007c0000000)
  region size 1024K, 60 young (61440K), 2 survivors (2048K)
 Metaspace       used 69684K, capacity 74150K, committed 74288K, reserved 1114112K
  class space    used 9650K, capacity 10441K, committed 10544K, reserved 1048576K
}
Event: 890.112 GC heap after
{Heap after GC invocations=36 (full 1):
 garbage-first heap   total 144384K, used 64832K [0x0000000700000000, 0x0000000700100468, 0x00000007c0000000)
  region size 1024K, 2 young (2048K), 2 survivors (2048K)
 Metaspace       used 69684K, capacity 74150K, committed 74288K, reserved 1114112K
  class space    used 9650K, capacity 10441K, committed 10544K, reserved 1048576K
}

Deoptimization events (10 events):
Event: 283.549 Thread 0x0000024a2719d800 Uncommon trap: reason=class_check action=maybe_recompile pc=0x0000024a1246c300 method=java.awt.DefaultKeyboardFocusManager.dispatchEvent(Ljava/awt/AWTEvent;)Z @ 470 c2
Event: 286.386 Thread 0x0000024a2719d800 Uncommon trap: reason=unstable_if action=reinterpret pc=0x0000024a126d047c method=javax.swing.tree.VariableHeightLayoutCache$TreeStateNode.isVisible()Z @ 29 c2
Event: 286.386 Thread 0x0000024a2719d800 Uncommon trap: reason=unstable_if action=reinterpret pc=0x0000024a12ace290 method=javax.swing.tree.TreePath.equals(Ljava/lang/Object;)Z @ 27 c2
Event: 286.389 Thread 0x0000024a2719d800 Uncommon trap: reason=unstable_if action=reinterpret pc=0x0000024a12a27000 method=javax.swing.tree.VariableHeightLayoutCache$TreeStateNode.isVisible()Z @ 29 c2
Event: 476.401 Thread 0x0000024a33dee800 Uncommon trap: reason=unstable_if action=reinterpret pc=0x0000024a12c76008 method=ui.data.common.M.a(Lui/data/common/L;)V @ 52 c2
Event: 884.911 Thread 0x0000024a2719d800 Uncommon trap: reason=class_check action=maybe_recompile pc=0x0000024a1246c300 method=java.awt.DefaultKeyboardFocusManager.dispatchEvent(Ljava/awt/AWTEvent;)Z @ 470 c2
Event: 885.655 Thread 0x0000024a01ab3800 Uncommon trap: reason=unstable_if action=reinterpret pc=0x0000024a12cf04c8 method=ui.utils.lnf.b.run()V @ 274 c2
Event: 890.049 Thread 0x0000024a2719d800 Uncommon trap: reason=class_check action=maybe_recompile pc=0x0000024a12b9cef8 method=com.jidesoft.editor.CodeEditor.modelToViewPosition(Lcom/jidesoft/editor/caret/CaretPosition;)Lcom/jidesoft/editor/caret/CaretPosition; @ 9 c2
Event: 890.202 Thread 0x0000024a2719d800 Uncommon trap: reason=bimorphic_or_optimized_type_check action=maybe_recompile pc=0x0000024a12942c50 method=java.util.ArrayList.addAll(Ljava/util/Collection;)Z @ 1 c2
Event: 890.242 Thread 0x0000024a2719d800 Uncommon trap: reason=predicate action=maybe_recompile pc=0x0000024a12d3e51c method=java.util.TimSort.binarySort([Ljava/lang/Object;IIILjava/util/Comparator;)V @ 37 c2

Classes redefined (0 events):
No events

Internal exceptions (10 events):
Event: 29.712 Thread 0x0000024a2719d800 Exception <a 'java/lang/NoSuchMethodError'{0x000000070883bcb0}: method resolution failed> (0x000000070883bcb0) thrown at [t:/workspace/hotspot/src/share/vm/prims/methodHandles.cpp, line 1256]
Event: 29.712 Thread 0x0000024a2719d800 Exception <a 'java/lang/NoSuchMethodError'{0x000000070883f310}: java.lang.invoke.DelegatingMethodHandle$Holder.reinvoke_L(Ljava/lang/Object;Ljava/lang/Object;IIII)Ljava/lang/Object;> (0x000000070883f310) thrown at [t:/workspace/hotspot/src/share/vm/interp
Event: 30.287 Thread 0x0000024a33df0000 Exception <a 'java/lang/InterruptedException'{0x000000070800d498}: sleep interrupted> (0x000000070800d498) thrown at [t:/workspace/hotspot/src/share/vm/prims/jvm.cpp, line 2984]
Event: 30.288 Thread 0x0000024a33df0000 Exception <a 'java/lang/InterruptedException'{0x000000070801af00}: sleep interrupted> (0x000000070801af00) thrown at [t:/workspace/hotspot/src/share/vm/prims/jvm.cpp, line 2984]
Event: 30.901 Thread 0x0000024a2719d800 Exception <a 'sun/nio/fs/WindowsException'{0x0000000707ac4908}> (0x0000000707ac4908) thrown at [t:/workspace/hotspot/src/share/vm/prims/jni.cpp, line 604]
Event: 30.901 Thread 0x0000024a2719d800 Exception <a 'sun/nio/fs/WindowsException'{0x0000000707ac4c68}> (0x0000000707ac4c68) thrown at [t:/workspace/hotspot/src/share/vm/prims/jni.cpp, line 604]
Event: 39.360 Thread 0x0000024a2719d800 Exception <a 'sun/nio/fs/WindowsException'{0x0000000707a4a5d0}> (0x0000000707a4a5d0) thrown at [t:/workspace/hotspot/src/share/vm/prims/jni.cpp, line 604]
Event: 39.360 Thread 0x0000024a2719d800 Exception <a 'sun/nio/fs/WindowsException'{0x0000000707a4a930}> (0x0000000707a4a930) thrown at [t:/workspace/hotspot/src/share/vm/prims/jni.cpp, line 604]
Event: 40.021 Thread 0x0000024a2719d800 Implicit null exception at 0x0000024a128e696f to 0x0000024a128e6a96
Event: 890.162 Thread 0x0000024a2719d800 Exception <a 'java/lang/NoSuchMethodError'{0x000000070704b810}: java.lang.invoke.DirectMethodHandle$Holder.invokeStatic(Ljava/lang/Object;Ljava/lang/Object;I)V> (0x000000070704b810) thrown at [t:/workspace/hotspot/src/share/vm/interpreter/linkResolver.cpp

Events (10 events):
Event: 890.245 loading class ui/b/f/y
Event: 890.245 loading class ui/b/f/y done
Event: 890.246 loading class ui/b/f/z
Event: 890.246 loading class ui/b/f/z done
Event: 890.246 loading class ui/xpeguajni/ap
Event: 890.246 loading class ui/xpeguajni/ap done
Event: 890.247 loading class ui/xpeguajni/H
Event: 890.247 loading class ui/xpeguajni/H done
Event: 890.247 loading class ui/xpeguajni/XPG_JModelJNI
Event: 890.247 loading class ui/xpeguajni/XPG_JModelJNI done


Dynamic libraries:
0x00007ff7c1770000 - 0x00007ff7c17a0000 	C:\Xilinx\Vivado\2018.3\bin\unwrapped\win64.o\vivado.exe
0x00007ffe9f700000 - 0x00007ffe9f8e1000 	C:\Windows\SYSTEM32\ntdll.dll
0x00007ffe9f560000 - 0x00007ffe9f612000 	C:\Windows\System32\KERNEL32.DLL
0x00007ffe9bca0000 - 0x00007ffe9bf13000 	C:\Windows\System32\KERNELBASE.dll
0x00007ffe9c9c0000 - 0x00007ffe9caba000 	C:\Windows\System32\ucrtbase.dll
0x00007ffe90a00000 - 0x00007ffe90a99000 	C:\Windows\SYSTEM32\MSVCP140.dll
0x00007ffe90aa0000 - 0x00007ffe90ab7000 	C:\Windows\SYSTEM32\VCRUNTIME140.dll
0x00007ffe94fe0000 - 0x00007ffe94ff4000 	C:\Xilinx\Vivado\2018.3\lib\win64.o\libboost_signals.dll
0x00007ffe94860000 - 0x00007ffe94874000 	C:\Xilinx\Vivado\2018.3\lib\win64.o\librdi_commonmain.dll
0x00007ffe94670000 - 0x00007ffe9467a000 	C:\Xilinx\Vivado\2018.3\lib\win64.o\librdi_commonversion.dll
0x00007ffe57220000 - 0x00007ffe580b4000 	C:\Xilinx\Vivado\2018.3\lib\win64.o\librdi_common.dll
0x00007ffe94070000 - 0x00007ffe94096000 	C:\Xilinx\Vivado\2018.3\lib\win64.o\libboost_filesystem.dll
0x00007ffe9e100000 - 0x00007ffe9e1a1000 	C:\Windows\System32\ADVAPI32.dll
0x00007ffe9ea70000 - 0x00007ffe9eb0e000 	C:\Windows\System32\msvcrt.dll
0x00007ffe9cb90000 - 0x00007ffe9cbeb000 	C:\Windows\System32\sechost.dll
0x00007ffe9f2e0000 - 0x00007ffe9f404000 	C:\Windows\System32\RPCRT4.dll
0x00007ffe93ce0000 - 0x00007ffe93e01000 	C:\Xilinx\Vivado\2018.3\lib\win64.o\librdi_commonxillic.dll
0x00000000625e0000 - 0x000000006270b000 	C:\Xilinx\Vivado\2018.3\lib\win64.o\tcl85t.dll
0x00007ffe9ecc0000 - 0x00007ffe9ee50000 	C:\Windows\System32\USER32.dll
0x00007ffe9bad0000 - 0x00007ffe9baf0000 	C:\Windows\System32\win32u.dll
0x00007ffe9ec90000 - 0x00007ffe9ecb8000 	C:\Windows\System32\GDI32.dll
0x00007ffe9bf20000 - 0x00007ffe9c0b2000 	C:\Windows\System32\gdi32full.dll
0x00007ffe9bc00000 - 0x00007ffe9bc9f000 	C:\Windows\System32\msvcp_win.dll
0x00007ffe9ccc0000 - 0x00007ffe9e100000 	C:\Windows\System32\SHELL32.dll
0x00007ffe9cb40000 - 0x00007ffe9cb89000 	C:\Windows\System32\cfgmgr32.dll
0x00007ffe9f220000 - 0x00007ffe9f2c9000 	C:\Windows\System32\shcore.dll
0x00007ffe9eec0000 - 0x00007ffe9f1e3000 	C:\Windows\System32\combase.dll
0x00007ffe9cac0000 - 0x00007ffe9cb3a000 	C:\Windows\System32\bcryptPrimitives.dll
0x00007ffe9c2b0000 - 0x00007ffe9c9bd000 	C:\Windows\System32\windows.storage.dll
0x00007ffe9f410000 - 0x00007ffe9f461000 	C:\Windows\System32\shlwapi.dll
0x00007ffe9bab0000 - 0x00007ffe9bac1000 	C:\Windows\System32\kernel.appcore.dll
0x00007ffe9ba30000 - 0x00007ffe9ba4f000 	C:\Windows\System32\profapi.dll
0x00007ffe9ba60000 - 0x00007ffe9baac000 	C:\Windows\System32\powrprof.dll
0x00007ffe9ba50000 - 0x00007ffe9ba5a000 	C:\Windows\System32\FLTLIB.DLL
0x00007ffe9ee50000 - 0x00007ffe9eebc000 	C:\Windows\System32\WS2_32.dll
0x00007ffe61e60000 - 0x00007ffe621ce000 	C:\Xilinx\Vivado\2018.3\lib\win64.o\libCOIN-all.dll
0x00007ffe93cc0000 - 0x00007ffe93cd4000 	C:\Xilinx\Vivado\2018.3\lib\win64.o\libboost_date_time.dll
0x00007ffe76950000 - 0x00007ffe76c05000 	C:\Xilinx\Vivado\2018.3\lib\win64.o\libXil_lmgr11.dll
0x00007ffe93cb0000 - 0x00007ffe93cbb000 	C:\Xilinx\Vivado\2018.3\lib\win64.o\libboost_system.dll
0x00007ffe9f470000 - 0x00007ffe9f55d000 	C:\Windows\System32\COMDLG32.dll
0x00007ffe9e1b0000 - 0x00007ffe9e272000 	C:\Windows\System32\OLEAUT32.dll
0x00007ffe9e440000 - 0x00007ffe9e591000 	C:\Windows\System32\ole32.dll
0x00007ffe9baf0000 - 0x00007ffe9bb47000 	C:\Windows\System32\WINTRUST.dll
0x00007ffe93c30000 - 0x00007ffe93caf000 	C:\Xilinx\Vivado\2018.3\lib\win64.o\libboost_program_options.dll
0x00007ffe9ba10000 - 0x00007ffe9ba22000 	C:\Windows\System32\MSASN1.dll
0x00007ffe9c0c0000 - 0x00007ffe9c2a2000 	C:\Windows\System32\CRYPT32.dll
0x00007ffe74ca0000 - 0x00007ffe74db4000 	C:\Xilinx\Vivado\2018.3\lib\win64.o\libboost_regex.dll
0x00007ffe93c00000 - 0x00007ffe93c21000 	C:\Xilinx\Vivado\2018.3\lib\win64.o\libboost_thread.dll
0x00007ffe93bf0000 - 0x00007ffe93bff000 	C:\Xilinx\Vivado\2018.3\lib\win64.o\libboost_xilinx.dll
0x00007ffe7ce00000 - 0x00007ffe7ce82000 	C:\Xilinx\Vivado\2018.3\lib\win64.o\libhdlpsolve.dll
0x00007ffe569d0000 - 0x00007ffe5721e600 	C:\Xilinx\Vivado\2018.3\lib\win64.o\libisl_iostreams.dll
0x00007ffe78b50000 - 0x00007ffe78bf5000 	C:\Xilinx\Vivado\2018.3\lib\win64.o\libhdxml.dll
0x00007ffe93bc0000 - 0x00007ffe93bee000 	C:\Xilinx\Vivado\2018.3\lib\win64.o\libisl_sysinfo.dll
0x00007ffe93af0000 - 0x00007ffe93b0a000 	C:\Xilinx\Vivado\2018.3\lib\win64.o\pthreadVC2.dll
0x00007ffe74c30000 - 0x00007ffe74c95000 	C:\Xilinx\Vivado\2018.3\lib\win64.o\liblmx6.0.dll
0x00007ffe8dbb0000 - 0x00007ffe8dbcc000 	C:\Xilinx\Vivado\2018.3\lib\win64.o\librdiconfig.dll
0x0000000012000000 - 0x0000000012272000 	C:\Xilinx\Vivado\2018.3\lib\win64.o\xerces-c_3_1.dll
0x00007ffe8daa0000 - 0x00007ffe8dac1000 	C:\Xilinx\Vivado\2018.3\lib\win64.o\librdizlib.dll
0x00007ffe8db90000 - 0x00007ffe8dba7000 	C:\Windows\SYSTEM32\NETAPI32.dll
0x00007ffe90610000 - 0x00007ffe9095f000 	C:\Windows\SYSTEM32\WININET.dll
0x00007ffe973d0000 - 0x00007ffe974ad000 	C:\Windows\SYSTEM32\WINHTTP.dll
0x00007ffe8a620000 - 0x00007ffe8a7ec000 	C:\Windows\SYSTEM32\urlmon.dll
0x00007ffe872b0000 - 0x00007ffe872b9000 	C:\Windows\SYSTEM32\WSOCK32.dll
0x00007ffe82d70000 - 0x00007ffe82d99000 	C:\Windows\SYSTEM32\VCOMP140.DLL
0x00007ffe8af10000 - 0x00007ffe8afb7000 	C:\Windows\WinSxS\amd64_microsoft.windows.common-controls_6595b64144ccf1df_5.82.17134.1_none_47471dc9429411f4\COMCTL32.dll
0x00007ffe96b40000 - 0x00007ffe96b5a000 	C:\Windows\SYSTEM32\dhcpcsvc.DLL
0x00007ffe9f2d0000 - 0x00007ffe9f2d8000 	C:\Windows\System32\NSI.dll
0x00007ffe93ae0000 - 0x00007ffe93aed000 	C:\Xilinx\Vivado\2018.3\lib\win64.o\libboost_chrono.dll
0x00007ffe82d50000 - 0x00007ffe82d6b000 	C:\Xilinx\Vivado\2018.3\lib\win64.o\libboost_iostreams.dll
0x00007ffe96890000 - 0x00007ffe96b32000 	C:\Windows\SYSTEM32\iertutil.dll
0x00007ffe9b440000 - 0x00007ffe9b44b000 	C:\Windows\SYSTEM32\CRYPTBASE.DLL
0x00007ffe77330000 - 0x00007ffe77355000 	C:\Xilinx\Vivado\2018.3\lib\win64.o\libisl_iosutils.dll
0x00007ffe50470000 - 0x00007ffe51301000 	C:\Xilinx\Vivado\2018.3\lib\win64.o\gurobi65.dll
0x00007ffe9b090000 - 0x00007ffe9b09e000 	C:\Windows\SYSTEM32\NETUTILS.DLL
0x00007ffe9f1f0000 - 0x00007ffe9f21d000 	C:\Windows\System32\IMM32.DLL
0x00007ffe564d0000 - 0x00007ffe569c5000 	C:\Xilinx\Vivado\2018.3\lib\win64.o\librdi_commontasks.dll
0x00007ffe96ef0000 - 0x00007ffe96efa000 	C:\Windows\SYSTEM32\VERSION.dll
0x00007ffe61be0000 - 0x00007ffe61e5f000 	C:\Xilinx\Vivado\2018.3\lib\win64.o\librdi_sio.dll
0x00007ffe9af90000 - 0x00007ffe9afc8000 	C:\Windows\SYSTEM32\IPHLPAPI.DLL
0x0000000061bb0000 - 0x00000000625d5000 	C:\Xilinx\Vivado\2018.3\tps\win64\jre9.0.4\bin\server\jvm.dll
0x00007ffe9f6c0000 - 0x00007ffe9f6c8000 	C:\Windows\System32\PSAPI.DLL
0x00007ffe99c50000 - 0x00007ffe99c73000 	C:\Windows\SYSTEM32\WINMM.dll
0x00007ffe99b30000 - 0x00007ffe99b5a000 	C:\Windows\SYSTEM32\WINMMBASE.dll
0x00007ffe5e4a0000 - 0x00007ffe5e58f000 	C:\Windows\SYSTEM32\MSVCR120.dll
0x00007ffe9b270000 - 0x00007ffe9b2d6000 	C:\Windows\SYSTEM32\MSWSOCK.DLL
0x00007ffe4e0a0000 - 0x00007ffe50462000 	C:\Xilinx\Vivado\2018.3\lib\win64.o\librdi_tcltasks.dll
0x00007ffe5b520000 - 0x00007ffe5b69e000 	C:\Xilinx\Vivado\2018.3\lib\win64.o\librdi_board.dll
0x00007ffe6ead0000 - 0x00007ffe6eb3a000 	C:\Xilinx\Vivado\2018.3\lib\win64.o\librdi_boarddep.dll
0x00007ffe560f0000 - 0x00007ffe564cc000 	C:\Xilinx\Vivado\2018.3\lib\win64.o\librdi_bitstream.dll
0x00007ffe61b00000 - 0x00007ffe61bdc000 	C:\Xilinx\Vivado\2018.3\lib\win64.o\librdi_chipscope.dll
0x00007ffe5ac00000 - 0x00007ffe5adb9000 	C:\Xilinx\Vivado\2018.3\lib\win64.o\librdi_chipscopeimpl.dll
0x00007ffe5b260000 - 0x00007ffe5b3a8000 	C:\Xilinx\Vivado\2018.3\lib\win64.o\librdi_containers.dll
0x00007ffe4c790000 - 0x00007ffe4e095000 	C:\Xilinx\Vivado\2018.3\lib\win64.o\librdi_constraints.dll
0x00007ffe4a290000 - 0x00007ffe4a96a000 	C:\Xilinx\Vivado\2018.3\lib\win64.o\librdi_coregenipxact.dll
0x00007ffe4a970000 - 0x00007ffe4c78f000 	C:\Xilinx\Vivado\2018.3\lib\win64.o\librdi_coregen.dll
0x00007ffe46490000 - 0x00007ffe4a28b000 	C:\Xilinx\Vivado\2018.3\lib\win64.o\librdi_designutils.dll
0x00007ffe46170000 - 0x00007ffe4648b000 	C:\Xilinx\Vivado\2018.3\lib\win64.o\librdi_dlyest.dll
0x00007ffe34eb0000 - 0x00007ffe35410000 	C:\Xilinx\Vivado\2018.3\lib\win64.o\librdi_drc.dll
0x00007ffe5aac0000 - 0x00007ffe5ab82000 	C:\Xilinx\Vivado\2018.3\lib\win64.o\librdi_dsp.dll
0x00007ffe34870000 - 0x00007ffe34eaf000 	C:\Xilinx\Vivado\2018.3\lib\win64.o\librdi_filemgmt.dll
0x00007ffe35410000 - 0x00007ffe46162000 	C:\Xilinx\Vivado\2018.3\lib\win64.o\librdi_device.dll
0x00007ffe34590000 - 0x00007ffe3486a000 	C:\Xilinx\Vivado\2018.3\lib\win64.o\librdi_guitools.dll
0x00007ffe5eb30000 - 0x00007ffe5eb8d000 	C:\Xilinx\Vivado\2018.3\lib\win64.o\librdi_hdf.dll
0x00007ffe331f0000 - 0x00007ffe34581000 	C:\Xilinx\Vivado\2018.3\lib\win64.o\librdi_implflow.dll
0x00007ffe5e380000 - 0x00007ffe5e3f1000 	C:\Xilinx\Vivado\2018.3\lib\win64.o\librdi_memoryarray.dll
0x00007ffe2ebe0000 - 0x00007ffe2f21b000 	C:\Xilinx\Vivado\2018.3\lib\win64.o\librdi_netlist.dll
0x00007ffe76900000 - 0x00007ffe76950000 	C:\Xilinx\Vivado\2018.3\lib\win64.o\librdi_pfi.dll
0x00007ffe32bd0000 - 0x00007ffe331e5000 	C:\Xilinx\Vivado\2018.3\lib\win64.o\librdi_memdata.dll
0x00007ffe2c6c0000 - 0x00007ffe2ebd4000 	C:\Xilinx\Vivado\2018.3\lib\win64.o\librdi_place.dll
0x00007ffe2c3b0000 - 0x00007ffe2c6b7000 	C:\Xilinx\Vivado\2018.3\lib\win64.o\librdi_platform.dll
0x00007ffe2f220000 - 0x00007ffe32bcc000 	C:\Xilinx\Vivado\2018.3\lib\win64.o\librdi_mig.dll
0x00007ffe2bcb0000 - 0x00007ffe2c3a5000 	C:\Xilinx\Vivado\2018.3\lib\win64.o\librdi_power.dll
0x00007ffe2b750000 - 0x00007ffe2bca6000 	C:\Xilinx\Vivado\2018.3\lib\win64.o\librdi_project.dll
0x00007ffe2b050000 - 0x00007ffe2b743000 	C:\Xilinx\Vivado\2018.3\lib\win64.o\librdi_psta.dll
0x00007ffe2a970000 - 0x00007ffe2b049000 	C:\Xilinx\Vivado\2018.3\lib\win64.o\librdi_rsb.dll
0x00007ffe2a590000 - 0x00007ffe2a967000 	C:\Xilinx\Vivado\2018.3\lib\win64.o\librdi_runs.dll
0x00007ffe5a9e0000 - 0x00007ffe5aab8000 	C:\Xilinx\Vivado\2018.3\lib\win64.o\librdi_runsbase.dll
0x00007ffe58700000 - 0x00007ffe58928000 	C:\Xilinx\Vivado\2018.3\lib\win64.o\librdi_simdata.dll
0x00007ffe29800000 - 0x00007ffe2a58d000 	C:\Xilinx\Vivado\2018.3\lib\win64.o\librdi_timing.dll
0x00007ffe55f90000 - 0x00007ffe560e4000 	C:\Xilinx\Vivado\2018.3\lib\win64.o\librdi_advchipscopeimpl.dll
0x00007ffe5dc40000 - 0x00007ffe5dc8c000 	C:\Xilinx\Vivado\2018.3\lib\win64.o\libboost_serialization.dll
0x00007ffe583d0000 - 0x00007ffe58488000 	C:\Xilinx\Vivado\2018.3\lib\win64.o\librdi_hip_devdesign.dll
0x00007ffe585a0000 - 0x00007ffe5864b000 	C:\Xilinx\Vivado\2018.3\lib\win64.o\librdi_ipconfig_readwrite.dll
0x00007ffe6e9a0000 - 0x00007ffe6e9d8000 	C:\Xilinx\Vivado\2018.3\lib\win64.o\librdi_noc_frameworks.dll
0x00007ffe55ef0000 - 0x00007ffe55f8e000 	C:\Xilinx\Vivado\2018.3\lib\win64.o\libise.dll
0x00007ffe288f0000 - 0x00007ffe28ca5000 	C:\Xilinx\Vivado\2018.3\lib\win64.o\librdi_hip_config.dll
0x00007ffe283a0000 - 0x00007ffe288ee000 	C:\Xilinx\Vivado\2018.3\lib\win64.o\librdi_xdm.dll
0x00007ffe27db0000 - 0x00007ffe28394000 	C:\Xilinx\Vivado\2018.3\lib\win64.o\librdi_wavedata.dll

VM Arguments:
jvm_args: -Dsun.java2d.pmoffscreen=false -Dsun.java2d.xrender=false -Dsun.java2d.d3d=false -Dsun.awt.nopixfmt=true -Dsun.java2d.dpiaware=true -Dsun.java2d.uiScale.enabled=false -Xverify:none -Dswing.aatext=true -XX:-UsePerfData -Djdk.map.althashing.threshold=512 -XX:StringTableSize=4072 --add-opens=java.base/java.nio=ALL-UNNAMED --add-opens=java.desktop/sun.swing=ALL-UNNAMED --add-opens=java.desktop/javax.swing=ALL-UNNAMED --add-opens=java.desktop/javax.swing.tree=ALL-UNNAMED --add-opens=java.desktop/javax.swing.plaf.basic=ALL-UNNAMED --add-opens=java.desktop/javax.swing.plaf.synth=ALL-UNNAMED --add-opens=java.desktop/com.sun.awt=ALL-UNNAMED -XX:NewSize=60m -XX:MaxNewSize=60m -Xms128m -Xmx3072m -Xss5m 
java_command: <unknown>
java_class_path (initial): C:/Xilinx/Vivado/2018.3\lib\classes\alloy.jar;C:/Xilinx/Vivado/2018.3\lib\classes\autopilot.scelaborator.jar;C:/Xilinx/Vivado/2018.3\lib\classes\autopilot.sourceprocessor.jar;C:/Xilinx/Vivado/2018.3\lib\classes\autopilot.tbprocessor.jar;C:/Xilinx/Vivado/2018.3\lib\classes\batik-anim.jar;C:/Xilinx/Vivado/2018.3\lib\classes\batik-awt-util.jar;C:/Xilinx/Vivado/2018.3\lib\classes\batik-bridge.jar;C:/Xilinx/Vivado/2018.3\lib\classes\batik-codec.jar;C:/Xilinx/Vivado/2018.3\lib\classes\batik-css.jar;C:/Xilinx/Vivado/2018.3\lib\classes\batik-dom.jar;C:/Xilinx/Vivado/2018.3\lib\classes\batik-ext.jar;C:/Xilinx/Vivado/2018.3\lib\classes\batik-gui-util.jar;C:/Xilinx/Vivado/2018.3\lib\classes\batik-gvt.jar;C:/Xilinx/Vivado/2018.3\lib\classes\batik-parser.jar;C:/Xilinx/Vivado/2018.3\lib\classes\batik-script.jar;C:/Xilinx/Vivado/2018.3\lib\classes\batik-svg-dom.jar;C:/Xilinx/Vivado/2018.3\lib\classes\batik-swing.jar;C:/Xilinx/Vivado/2018.3\lib\classes\batik-transcoder.jar;C:/Xilinx/Vivado/2018.3\lib\classes\batik-util.jar;C:/Xilinx/Vivado/2018.3\lib\classes\batik-xml.jar;C:/Xilinx/Vivado/2018.3\lib\classes\com.ibm.icu_4.4.2.v20110208.jar;C:/Xilinx/Vivado/2018.3\lib\classes\commons-collections4-4.1.jar;C:/Xilinx/Vivado/2018.3\lib\classes\commons-math-2.2.jar;C:/Xilinx/Vivado/2018.3\lib\classes\dom4j-1.6.1.jar;C:/Xilinx/Vivado/2018.3\lib\classes\guava-18.0.jar;C:/Xilinx/Vivado/2018.3\lib\classes\help.jar;C:/Xilinx/Vivado/2018.3\lib\classes\hsqldb.jar;C:/Xilinx/Vivado/2018.3\lib\classes\jargs.jar;C:/Xilinx/Vivado/2018.3\lib\classes\jaxb-api-2.3.0.jar;C:/Xilinx/Vivado/2018.3\lib\classes\jh.jar;C:/Xilinx/Vivado/2018.3\lib\classes\jide-action.jar;C:/Xilinx/Vivado/2018.3\lib\classes\jide-charts.jar;C:/Xilinx/Vivado/2018.3\lib\classes\jide-common.jar;C:/Xilinx/Vivado/2018.3\lib\classes\jide-components.jar;C:/Xilinx/Vivado/2018.3\lib\classes\jide-dashboard.jar;C:/Xilinx/Vivado/2018.3\lib\classes\jide-data.jar;C:/Xilinx/Vivado/2018.3\lib\classes\jide-dialogs.jar
Launcher Type: generic

Logging:
Log output configuration:
#0: stdout all=warning uptime,level,tags
#1: stderr all=off uptime,level,tags

Environment Variables:
JAVA_HOME=C:\Program Files\Java\jdk1.8.0_181
CLASSPATH=.;C:\Program Files\Java\jdk1.8.0_74\lib;C:\Program Files\Java\jdk1.8.0_74\lib\tools.jar
PATH=C:/Xilinx/Vivado/2018.3/bin;C:/Xilinx/Vivado/2018.3/lib/win64.o;C:/Xilinx/Vivado/2018.3/tps/win64/jre9.0.4/bin/server;C:/Xilinx/Vivado/2018.3/tps/win64/jre9.0.4/bin;C:/Xilinx/SDK/2018.3/bin;C:/Xilinx/Vivado/2018.3/ids_lite/ISE/bin/nt64;C:/Xilinx/Vivado/2018.3/ids_lite/ISE/lib/nt64;C:\Program Files\Common Files\Oracle\Java\javapath;C:\Program Files (x86)\Intel\Intel(R) Management Engine Components\iCLS\;C:\Program Files\Intel\Intel(R) Management Engine Components\iCLS\;C:\Windows\system32;C:\Windows;C:\Windows\System32\Wbem;C:\Windows\System32\WindowsPowerShell\v1.0\;C:\Windows\System32\OpenSSH\;C:\Program Files (x86)\Intel\Intel(R) Management Engine Components\DAL;C:\Program Files\Intel\Intel(R) Management Engine Components\DAL;C:\Program Files (x86)\Intel\Intel(R) Management Engine Components\IPT;C:\Program Files\Intel\Intel(R) Management Engine Components\IPT;C:\Program Files\Java\jdk1.8.0_74\bin;C:\Program Files\Java\jdk1.8.0_74\jre\bin;C:\Program Files\mingw-w64\x86_64-8.1.0-win32-seh-rt_v6-rev0\mingw64\bin;C:\Users\Administrator\AppData\Local\Programs\Python\Python37\Scripts\;C:\Users\Administrator\AppData\Local\Programs\Python\Python37\;C:\Users\Administrator\AppData\Local\Microsoft\WindowsApps;;C:\Users\Administrator\AppData\Local\Programs\Microsoft VS Code\bin;C:\Program Files\JetBrains\IntelliJ IDEA Community Edition 2020.3.2\bin;C:\Program Files\JetBrains\IntelliJ IDEA 2020.3.2\bin;C:/Xilinx/Vivado/2018.3\tps\mingw\6.2.0\win64.o\nt\bin;C:/Xilinx/Vivado/2018.3\tps\mingw\6.2.0\win64.o\nt\libexec\gcc\x86_64-w64-mingw32\6.2.0
USERNAME=Administrator
OS=Windows_NT
PROCESSOR_IDENTIFIER=Intel64 Family 6 Model 158 Stepping 10, GenuineIntel



---------------  S Y S T E M  ---------------

OS: Windows 10 , 64 bit Build 17134 (10.0.17134.1)

CPU:total 12 (initial active 12) (6 cores per cpu, 2 threads per core) family 6 model 158 stepping 10, cmov, cx8, fxsr, mmx, sse, sse2, sse3, ssse3, sse4.1, sse4.2, popcnt, avx, avx2, aes, clmul, erms, rtm, 3dnowpref, lzcnt, ht, tsc, tscinvbit, bmi1, bmi2, adx, fma

Memory: 4k page, physical 16656748k(12635444k free), swap 19147116k(14105784k free)

vm_info: Java HotSpot(TM) 64-Bit Server VM (9.0.4+11) for windows-amd64 JRE (9.0.4+11), built on Dec 20 2017 02:18:54 by "mach5one" with MS VC++ 12.0 (VS2013)

END.
