#
# A fatal error has been detected by the Java Runtime Environment:
#
#  EXCEPTION_ACCESS_VIOLATION (0xc0000005) at pc=0x00007ffa30b5eb16, pid=12624, tid=18896
#
# JRE version: Java(TM) SE Runtime Environment (9.0+11) (build 9.0.4+11)
# Java VM: Java HotSpot(TM) 64-Bit Server VM (9.0.4+11, mixed mode, tiered, compressed oops, g1 gc, windows-amd64)
# Problematic frame:
# C  [librdi_coregen.dll+0xd9eb16]
#
# No core dump will be written. Minidumps are not enabled by default on client versions of Windows
#
# If you would like to submit a bug report, please visit:
#   http://bugreport.java.com/bugreport/crash.jsp
# The crash happened outside the Java Virtual Machine in native code.
# See problematic frame for where to report the bug.
#

---------------  S U M M A R Y ------------

Command Line: -Dsun.java2d.pmoffscreen=false -Dsun.java2d.xrender=false -Dsun.java2d.d3d=false -Dsun.awt.nopixfmt=true -Dsun.java2d.dpiaware=true -Dsun.java2d.uiScale.enabled=false -Xverify:none -Dswing.aatext=true -XX:-UsePerfData -Djdk.map.althashing.threshold=512 -XX:StringTableSize=4072 --add-opens=java.base/java.nio=ALL-UNNAMED --add-opens=java.desktop/sun.swing=ALL-UNNAMED --add-opens=java.desktop/javax.swing=ALL-UNNAMED --add-opens=java.desktop/javax.swing.tree=ALL-UNNAMED --add-opens=java.desktop/javax.swing.plaf.basic=ALL-UNNAMED --add-opens=java.desktop/javax.swing.plaf.synth=ALL-UNNAMED --add-opens=java.desktop/com.sun.awt=ALL-UNNAMED -XX:NewSize=60m -XX:MaxNewSize=60m -Xms128m -Xmx3072m -Xss5m 

Host: Intel(R) Core(TM) i7-10875H CPU @ 2.30GHz, 16 cores, 15G,  Windows 10 , 64 bit Build 19041 (10.0.19041.1645)
Time: Wed May 11 21:29:34 2022 ?D1¨²¡À¨º¡Á?¨º¡À?? elapsed time: 1577 seconds (0d 0h 26m 17s)

---------------  T H R E A D  ---------------

Current thread (0x0000022c5420c800):  JavaThread "AWT-EventQueue-1" [_thread_in_native, id=18896, stack(0x0000004361100000,0x0000004361600000)]

Stack: [0x0000004361100000,0x0000004361600000],  sp=0x00000043615fcc00,  free space=5107k
Native frames: (J=compiled Java code, j=interpreted, Vv=VM code, C=native code)
C  [librdi_coregen.dll+0xd9eb16]
C  [librdi_coregen.dll+0xda143f]
C  [librdi_coregen.dll+0xe05d2f]
C  [librdi_coregen.dll+0xe0439b]
C  0x0000022c382b921c

Java frames: (J=compiled Java code, j=interpreted, Vv=VM code)
j  ui.xpeguajni.XPG_JModelJNI.new_XPG_JTop(JLui/xpeguajni/ap;)J+0
j  ui.xpeguajni.ad.<init>(Lui/xpeguajni/ap;)V+6
j  ui.xpeguajni.XPG_JModel.<init>(JJ)V+10
j  ui.b.f.r.cRf()Lui/data/coregen/a/cZ;+22
j  ui.b.f.r.cY()Ljava/awt/Component;+89
j  ui.b.f.r.h(Lui/views/cn;)V+34
j  ui.b.f.r.<init>(Ljava/awt/Component;Lui/views/cn;Lui/project/r;Lui/data/coregen/bh;ZLui/data/common/a/q;Lui/frmwork/T;Z)V+125
j  ui.views.S.a.b.a(Ljava/awt/Component;Lui/frmwork/T;Lui/data/coregen/bh;Z)V+23
j  ui.views.S.a.p.gtX()V+43
j  ui.views.S.a.p.taskEnded(I)V+42
j  ui.views.x.a.y.b(I)V+37
j  ui.views.S.a.p.b(I)V+13
j  ui.b.c.bx.y()V+200
j  ui.b.c.bG.finished()V+4
J 16285 c1 ui.frmwork.x.run()V (15 bytes) @ 0x0000022c3ac6024c [0x0000022c3ac600e0+0x000000000000016c]
J 15852 c2 java.awt.EventQueue$3.run()Ljava/lang/Object; java.desktop@9.0.4 (5 bytes) @ 0x0000022c40b35f04 [0x0000022c40b35e00+0x0000000000000104]
v  ~StubRoutines::call_stub
J 3961  java.security.AccessController.doPrivileged(Ljava/security/PrivilegedAction;Ljava/security/AccessControlContext;)Ljava/lang/Object; java.base@9.0.4 (0 bytes) @ 0x0000022c4008f546 [0x0000022c4008f4e0+0x0000000000000066]
J 15653 c2 ui.frmwork.b.d.dispatchEvent(Ljava/awt/AWTEvent;)V (34 bytes) @ 0x0000022c40ad6e8c [0x0000022c40ad6920+0x000000000000056c]
J 21742 c1 java.awt.EventDispatchThread.pumpOneEventForFilters(I)V java.desktop@9.0.4 (218 bytes) @ 0x0000022c39da0714 [0x0000022c39d9f340+0x00000000000013d4]
J 20305% c1 java.awt.EventDispatchThread.pumpEventsForFilter(ILjava/awt/Conditional;Ljava/awt/EventFilter;)V java.desktop@9.0.4 (47 bytes) @ 0x0000022c3972c7e4 [0x0000022c3972c4a0+0x0000000000000344]
j  java.awt.EventDispatchThread.pumpEventsForHierarchy(ILjava/awt/Conditional;Ljava/awt/Component;)V+11 java.desktop@9.0.4
j  java.awt.EventDispatchThread.pumpEvents(ILjava/awt/Conditional;)V+4 java.desktop@9.0.4
j  java.awt.EventDispatchThread.pumpEvents(Ljava/awt/Conditional;)V+3 java.desktop@9.0.4
j  java.awt.EventDispatchThread.run()V+9 java.desktop@9.0.4
v  ~StubRoutines::call_stub

siginfo: EXCEPTION_ACCESS_VIOLATION (0xc0000005), reading address 0x00000000000001f0


Register to memory mapping:

RIP=0x00007ffa30b5eb16 librdi_coregen.dll
RAX=0x0000000000000010 is an unknown value
RBX=0x00000043615fcca8 is pointing into the stack for thread: 0x0000022c5420c800
RCX=0x00000000000001f0 is an unknown value
RDX=0x00000043615fcca8 is pointing into the stack for thread: 0x0000022c5420c800
RSP=0x00000043615fcc00 is pointing into the stack for thread: 0x0000022c5420c800
RBP=0x00000043615fce60 is pointing into the stack for thread: 0x0000022c5420c800
RSI=0x00000000000001f0 is an unknown value
RDI=0x00000043615fcc98 is pointing into the stack for thread: 0x0000022c5420c800
R8 =0x0000000000000000 is an unknown value
R9 =0x00000043615fcc98 is pointing into the stack for thread: 0x0000022c5420c800
R10=0x0000000000000000 is an unknown value
R11=0x7fff5ada1d7faffb is an unknown value
R12=0x0000000000000000 is an unknown value
R13={method} {0x0000022c63e4eb50} 'new_XPG_JTop' '(JLui/xpeguajni/ap;)J' in 'ui/xpeguajni/XPG_JModelJNI'
R14=0x00000043615fce90 is pointing into the stack for thread: 0x0000022c5420c800
R15=0x0000022c5420c800 is a thread


Registers:
RAX=0x0000000000000010, RBX=0x00000043615fcca8, RCX=0x00000000000001f0, RDX=0x00000043615fcca8
RSP=0x00000043615fcc00, RBP=0x00000043615fce60, RSI=0x00000000000001f0, RDI=0x00000043615fcc98
R8 =0x0000000000000000, R9 =0x00000043615fcc98, R10=0x0000000000000000, R11=0x7fff5ada1d7faffb
R12=0x0000000000000000, R13=0x0000022c63e4eb48, R14=0x00000043615fce90, R15=0x0000022c5420c800
RIP=0x00007ffa30b5eb16, EFLAGS=0x0000000000010206

Top of Stack: (sp=0x00000043615fcc00)
0x00000043615fcc00:   0000000000000000 0000000000000000
0x00000043615fcc10:   0000000000000000 0000022c2cfdcf50
0x00000043615fcc20:   000000000000002f 0000000000000100
0x00000043615fcc30:   fffffffffffffffe 0000000000000100
0x00000043615fcc40:   0000022c382ab110 00007ffa30b6143f
0x00000043615fcc50:   00000043615fcdb0 0000022c51d61130
0x00000043615fcc60:   0000000040000021 0000022c5420c800
0x00000043615fcc70:   0000022c5420c810 00000043615fce90
0x00000043615fcc80:   0000022c63e4eb48 0000000000000000
0x00000043615fcc90:   0000022c382ab110 0000022c51d61130
0x00000043615fcca0:   fffffffffffffffe 00007ffaca2dfde6
0x00000043615fccb0:   0000000000000000 0000000000000020
0x00000043615fccc0:   0000022c5420c800 000059b919f27291
0x00000043615fccd0:   0000022c382ab110 00007ffa30bc5d2f
0x00000043615fcce0:   0000000000000020 000000006c3e535c
0x00000043615fccf0:   0000022c5420c800 00000043615fce90 

Instructions: (pc=0x00007ffa30b5eb16)
0x00007ffa30b5eaf6:   48 c7 44 24 30 fe ff ff ff 48 89 5c 24 58 48 89
0x00007ffa30b5eb06:   74 24 60 49 8b f9 45 0f b6 d0 48 8b da 48 8b f1
0x00007ffa30b5eb16:   4c 8b 19 49 8b 43 08 4d 8b cb 41 b0 01 80 78 19
0x00007ffa30b5eb26:   00 75 35 48 8b 17 0f 1f 40 00 4c 8b c8 45 84 d2 



---------------  P R O C E S S  ---------------

Java Threads: ( => current thread )
  0x0000022c2e245000 JavaThread "Monitor File Timestamp Swing Worker" [_thread_blocked, id=25308, stack(0x0000004366b00000,0x0000004367000000)]
  0x0000022c54210800 JavaThread "Timer-2" [_thread_blocked, id=8884, stack(0x0000004364b00000,0x0000004365000000)]
  0x0000022c5b7b5800 JavaThread "Image Fetcher 3" daemon [_thread_blocked, id=29804, stack(0x0000004363200000,0x0000004363700000)]
  0x0000022c5420c000 JavaThread "Thread-1393" [_thread_in_native, id=19836, stack(0x0000004365000000,0x0000004365100000)]
  0x0000022c5b7b9800 JavaThread "Thread-1147" [_thread_in_native, id=7884, stack(0x0000004365000000,0x0000004365100000)]
  0x0000022c5b7c2800 JavaThread "Monitor File Timestamp Swing Worker" [_thread_blocked, id=11756, stack(0x0000004366600000,0x0000004366b00000)]
  0x0000022c5b7c1800 JavaThread "Timer-1" [_thread_blocked, id=23088, stack(0x0000004366100000,0x0000004366600000)]
  0x0000022c5b7bb800 JavaThread "Thread-571" [_thread_in_native, id=7900, stack(0x0000004364f00000,0x0000004365000000)]
  0x0000022c5b7bc800 JavaThread "Thread-122" [_thread_in_native, id=18756, stack(0x0000004364d00000,0x0000004364e00000)]
  0x0000022c5b7be800 JavaThread "Monitor File Timestamp Swing Worker" [_thread_blocked, id=10892, stack(0x0000004365c00000,0x0000004366100000)]
  0x0000022c5b7bb000 JavaThread "Timer-0" [_thread_blocked, id=29680, stack(0x0000004365700000,0x0000004365c00000)]
  0x0000022c5b7be000 JavaThread "Image Animator 3" daemon [_thread_blocked, id=20448, stack(0x0000004365200000,0x0000004365700000)]
  0x0000022c5b7b8000 JavaThread "SyntheticaAnimation 50" daemon [_thread_blocked, id=12408, stack(0x0000004360200000,0x0000004360700000)]
  0x0000022c5b7b6800 JavaThread "hw_ila_monitor" [_thread_blocked, id=18388, stack(0x0000004364600000,0x0000004364b00000)]
  0x0000022c5b7b8800 JavaThread "Update Runs Swing Worker" [_thread_blocked, id=10408, stack(0x0000004364100000,0x0000004364600000)]
  0x0000022c5b7b4000 JavaThread "Refresh Filesets Swing Worker" [_thread_blocked, id=5732, stack(0x0000004363c00000,0x0000004364100000)]
  0x0000022c5420e000 JavaThread "SyntheticaAnimation 70" daemon [_thread_blocked, id=29372, stack(0x0000004363700000,0x0000004363c00000)]
  0x0000022c54206800 JavaThread "SyntheticaAnimation 25" daemon [_thread_blocked, id=8068, stack(0x0000004362d00000,0x0000004363200000)]
  0x0000022c5420d800 JavaThread "SyntheticaAnimation 50" daemon [_thread_blocked, id=26244, stack(0x0000004362800000,0x0000004362d00000)]
  0x0000022c54207800 JavaThread "Monitor HEventQueue" [_thread_blocked, id=26656, stack(0x0000004362300000,0x0000004362800000)]
  0x0000022c54209000 JavaThread "Batik CleanerThread" daemon [_thread_blocked, id=15008, stack(0x0000004361b00000,0x0000004362000000)]
  0x0000022c5420b000 JavaThread "SyntheticaCleanerThread" daemon [_thread_blocked, id=2272, stack(0x0000004360700000,0x0000004360c00000)]
=>0x0000022c5420c800 JavaThread "AWT-EventQueue-1" [_thread_in_native, id=18896, stack(0x0000004361100000,0x0000004361600000)]
  0x0000022c54208000 JavaThread "Process Messages" [_thread_blocked, id=17764, stack(0x0000004360c00000,0x0000004361100000)]
  0x0000022c2e244800 JavaThread "Thread-1" [_thread_in_native, id=12544, stack(0x0000004358700000,0x0000004359b00000)]
  0x0000022c2e23f000 JavaThread "TimerQueue" daemon [_thread_blocked, id=1548, stack(0x000000435fd00000,0x0000004360200000)]
  0x0000022c2e241800 JavaThread "AWT-Windows" daemon [_thread_in_native, id=11628, stack(0x000000435f800000,0x000000435fd00000)]
  0x0000022c2e243800 JavaThread "AWT-Shutdown" [_thread_blocked, id=29540, stack(0x000000435f300000,0x000000435f800000)]
  0x0000022c2e246000 JavaThread "Java2D Disposer" daemon [_thread_blocked, id=11600, stack(0x000000435ee00000,0x000000435f300000)]
  0x0000022c2e243000 JavaThread "Service Thread" daemon [_thread_blocked, id=6124, stack(0x000000435e800000,0x000000435ed00000)]
  0x0000022c2e242000 JavaThread "Common-Cleaner" daemon [_thread_blocked, id=10372, stack(0x000000435e300000,0x000000435e800000)]
  0x0000022c2d3aa800 JavaThread "Sweeper thread" daemon [_thread_blocked, id=28644, stack(0x000000435de00000,0x000000435e300000)]
  0x0000022c2c74c800 JavaThread "C1 CompilerThread11" daemon [_thread_blocked, id=4124, stack(0x000000435dd00000,0x000000435de00000)]
  0x0000022c2c74a000 JavaThread "C1 CompilerThread10" daemon [_thread_blocked, id=20116, stack(0x000000435dc00000,0x000000435dd00000)]
  0x0000022c2c74b000 JavaThread "C1 CompilerThread9" daemon [_thread_blocked, id=2128, stack(0x000000435db00000,0x000000435dc00000)]
  0x0000022c2c3dd000 JavaThread "C1 CompilerThread8" daemon [_thread_blocked, id=22944, stack(0x000000435da00000,0x000000435db00000)]
  0x0000022c2c9d0800 JavaThread "C2 CompilerThread7" daemon [_thread_blocked, id=30188, stack(0x000000435d900000,0x000000435da00000)]
  0x0000022c2c9cf000 JavaThread "C2 CompilerThread6" daemon [_thread_blocked, id=23712, stack(0x000000435d800000,0x000000435d900000)]
  0x0000022c2c9cd800 JavaThread "C2 CompilerThread5" daemon [_thread_blocked, id=11716, stack(0x000000435d700000,0x000000435d800000)]
  0x0000022c2c9ca800 JavaThread "C2 CompilerThread4" daemon [_thread_blocked, id=19168, stack(0x000000435d600000,0x000000435d700000)]
  0x0000022c2c9c9800 JavaThread "C2 CompilerThread3" daemon [_thread_blocked, id=30632, stack(0x000000435d500000,0x000000435d600000)]
  0x0000022c2c9c8800 JavaThread "C2 CompilerThread2" daemon [_thread_blocked, id=19316, stack(0x000000435d400000,0x000000435d500000)]
  0x0000022c2c9c7000 JavaThread "C2 CompilerThread1" daemon [_thread_blocked, id=19872, stack(0x000000435d300000,0x000000435d400000)]
  0x0000022c2c42f800 JavaThread "C2 CompilerThread0" daemon [_thread_blocked, id=26192, stack(0x000000435d200000,0x000000435d300000)]
  0x0000022c2d298000 JavaThread "Attach Listener" daemon [_thread_blocked, id=14916, stack(0x000000435cd00000,0x000000435d200000)]
  0x0000022c27f9d800 JavaThread "Signal Dispatcher" daemon [_thread_blocked, id=3772, stack(0x000000435c800000,0x000000435cd00000)]
  0x0000022c2d292800 JavaThread "Finalizer" daemon [_thread_blocked, id=13568, stack(0x000000435c300000,0x000000435c800000)]
  0x0000022c2d290800 JavaThread "Reference Handler" daemon [_thread_blocked, id=24568, stack(0x000000435be00000,0x000000435c300000)]
  0x0000022c30dd8000 JavaThread "main" [_thread_blocked, id=24672, stack(0x0000004358600000,0x0000004358700000)]

Other Threads:
  0x0000022c2e225800 VMThread "VM Thread" [stack: 0x000000435bd00000,0x000000435be00000] [id=14480]
  0x0000022c51923800 WatcherThread [stack: 0x000000435ed00000,0x000000435ee00000] [id=16884]
  0x0000022c2c7e6800 GCTaskThread "GC Thread#0" [stack: 0x0000004359e00000,0x0000004359f00000] [id=27876]
  0x0000022c31726800 GCTaskThread "GC Thread#1" [stack: 0x0000004359f00000,0x000000435a000000] [id=15812]
  0x0000022c31727000 GCTaskThread "GC Thread#2" [stack: 0x000000435a000000,0x000000435a100000] [id=3828]
  0x0000022c2c19e800 GCTaskThread "GC Thread#3" [stack: 0x000000435a100000,0x000000435a200000] [id=28340]
  0x0000022c2be79800 GCTaskThread "GC Thread#4" [stack: 0x000000435a200000,0x000000435a300000] [id=25416]
  0x0000022c3123b800 GCTaskThread "GC Thread#5" [stack: 0x000000435a300000,0x000000435a400000] [id=15552]
  0x0000022c2c20a000 GCTaskThread "GC Thread#6" [stack: 0x000000435a400000,0x000000435a500000] [id=13044]
  0x0000022c2bccd800 GCTaskThread "GC Thread#7" [stack: 0x000000435a500000,0x000000435a600000] [id=26604]
  0x0000022c2c834000 GCTaskThread "GC Thread#8" [stack: 0x000000435a600000,0x000000435a700000] [id=21068]
  0x0000022c2bda9000 GCTaskThread "GC Thread#9" [stack: 0x000000435a700000,0x000000435a800000] [id=28224]
  0x0000022c2bda8000 GCTaskThread "GC Thread#10" [stack: 0x000000435a800000,0x000000435a900000] [id=7784]
  0x0000022c2bda3000 GCTaskThread "GC Thread#11" [stack: 0x000000435a900000,0x000000435aa00000] [id=23912]
  0x0000022c2bda7800 GCTaskThread "GC Thread#12" [stack: 0x000000435aa00000,0x000000435ab00000] [id=27216]
  0x0000022c2c755800 ConcurrentGCThread "G1 Main Marker" [stack: 0x000000435b900000,0x000000435ba00000] [id=15908]
  0x0000022c2bda6000 ConcurrentGCThread "G1 Marker#0" [stack: 0x000000435ba00000,0x000000435bb00000] [id=30312]
  0x0000022c2bda8800 ConcurrentGCThread "G1 Marker#1" [stack: 0x000000435bb00000,0x000000435bc00000] [id=5812]
  0x0000022c2bda6800 ConcurrentGCThread "G1 Marker#2" [stack: 0x000000435bc00000,0x000000435bd00000] [id=24408]
  0x0000022c28d7b800 ConcurrentGCThread "G1 Refine#0" [stack: 0x000000435b700000,0x000000435b800000] [id=26172]
  0x0000022c28d7a800 ConcurrentGCThread "G1 Refine#1" [stack: 0x000000435b600000,0x000000435b700000] [id=27364]
  0x0000022c28d7a000 ConcurrentGCThread "G1 Refine#2" [stack: 0x000000435b500000,0x000000435b600000] [id=17108]
  0x0000022c28d78800 ConcurrentGCThread "G1 Refine#3" [stack: 0x000000435b400000,0x000000435b500000] [id=30512]
  0x0000022c2c9bc000 ConcurrentGCThread "G1 Refine#4" [stack: 0x000000435b300000,0x000000435b400000] [id=1768]
  0x0000022c2c9ba800 ConcurrentGCThread "G1 Refine#5" [stack: 0x000000435b200000,0x000000435b300000] [id=27964]
  0x0000022c2ce83000 ConcurrentGCThread "G1 Refine#6" [stack: 0x000000435b100000,0x000000435b200000] [id=29940]
  0x0000022c2ce82000 ConcurrentGCThread "G1 Refine#7" [stack: 0x000000435b000000,0x000000435b100000] [id=27660]
  0x0000022c2d0ac800 ConcurrentGCThread "G1 Refine#8" [stack: 0x000000435af00000,0x000000435b000000] [id=17128]
  0x0000022c2d0ac000 ConcurrentGCThread "G1 Refine#9" [stack: 0x000000435ae00000,0x000000435af00000] [id=1044]
  0x0000022c2d0ab800 ConcurrentGCThread "G1 Refine#10" [stack: 0x000000435ad00000,0x000000435ae00000] [id=25396]
  0x0000022c2c0d4800 ConcurrentGCThread "G1 Refine#11" [stack: 0x000000435ac00000,0x000000435ad00000] [id=20444]
  0x0000022c2bea9000 ConcurrentGCThread "G1 Refine#12" [stack: 0x000000435ab00000,0x000000435ac00000] [id=24216]
  0x0000022c28d7c800 ConcurrentGCThread "G1 Young RemSet Sampling" [stack: 0x000000435b800000,0x000000435b900000] [id=29296]

Threads with active compile tasks:

VM state:not at safepoint (normal execution)

VM Mutex/Monitor currently owned by a thread: None

Heap address: 0x0000000700000000, size: 3072 MB, Compressed Oops mode: Zero based, Oop shift amount: 3
Narrow klass base: 0x0000000000000000, Narrow klass shift: 3
Compressed class space size: 1073741824 Address: 0x00000007c0000000

Heap:
 garbage-first heap   total 157696K, used 125359K [0x0000000700000000, 0x00000007001004d0, 0x00000007c0000000)
  region size 1024K, 59 young (60416K), 3 survivors (3072K)
 Metaspace       used 81795K, capacity 88018K, committed 88168K, reserved 1126400K
  class space    used 11072K, capacity 12141K, committed 12156K, reserved 1048576K
Heap Regions: E=young(eden), S=young(survivor), O=old, HS=humongous(starts), HC=humongous(continues), CS=collection set, F=free, A=archive, TS=gc time stamp, AC=allocation context, TAMS=top-at-mark-start (previous, next)
|   0|0x0000000700000000, 0x00000007000e9c20, 0x0000000700100000| 91%| O|  |TS  0|AC  0|TAMS 0x0000000700000000, 0x0000000700000000|
|   1|0x0000000700100000, 0x0000000700200000, 0x0000000700200000|100%|HS|  |TS  0|AC  0|TAMS 0x0000000700100000, 0x0000000700100000|
|   2|0x0000000700200000, 0x0000000700300000, 0x0000000700300000|100%|HC|  |TS  0|AC  0|TAMS 0x0000000700200000, 0x0000000700200000|
|   3|0x0000000700300000, 0x0000000700400000, 0x0000000700400000|100%|HS|  |TS  0|AC  0|TAMS 0x0000000700300000, 0x0000000700300000|
|   4|0x0000000700400000, 0x00000007004f1d40, 0x0000000700500000| 94%| O|  |TS  0|AC  0|TAMS 0x0000000700400000, 0x0000000700400000|
|   5|0x0000000700500000, 0x00000007005fffb8, 0x0000000700600000| 99%| O|  |TS  0|AC  0|TAMS 0x0000000700500000, 0x0000000700500000|
|   6|0x0000000700600000, 0x00000007006fffe8, 0x0000000700700000| 99%| O|  |TS  0|AC  0|TAMS 0x0000000700600000, 0x0000000700600000|
|   7|0x0000000700700000, 0x00000007007fff48, 0x0000000700800000| 99%| O|  |TS  0|AC  0|TAMS 0x0000000700700000, 0x0000000700700000|
|   8|0x0000000700800000, 0x00000007008d0e18, 0x0000000700900000| 81%| O|  |TS  0|AC  0|TAMS 0x0000000700800000, 0x0000000700800000|
|   9|0x0000000700900000, 0x00000007009f8f18, 0x0000000700a00000| 97%| O|  |TS  0|AC  0|TAMS 0x0000000700900000, 0x0000000700900000|
|  10|0x0000000700a00000, 0x0000000700aff670, 0x0000000700b00000| 99%| O|  |TS  0|AC  0|TAMS 0x0000000700a00000, 0x0000000700a00000|
|  11|0x0000000700b00000, 0x0000000700bfc228, 0x0000000700c00000| 98%| O|  |TS  0|AC  0|TAMS 0x0000000700b00000, 0x0000000700b00000|
|  12|0x0000000700c00000, 0x0000000700cec770, 0x0000000700d00000| 92%| O|  |TS  0|AC  0|TAMS 0x0000000700c00000, 0x0000000700c00000|
|  13|0x0000000700d00000, 0x0000000700dfefb0, 0x0000000700e00000| 99%| O|  |TS  0|AC  0|TAMS 0x0000000700d00000, 0x0000000700d00000|
|  14|0x0000000700e00000, 0x0000000700ee37a8, 0x0000000700f00000| 88%| O|  |TS  0|AC  0|TAMS 0x0000000700e00000, 0x0000000700e00000|
|  15|0x0000000700f00000, 0x0000000700fc4700, 0x0000000701000000| 76%| O|  |TS  0|AC  0|TAMS 0x0000000700f00000, 0x0000000700f00000|
|  16|0x0000000701000000, 0x00000007010fffd8, 0x0000000701100000| 99%| O|  |TS  0|AC  0|TAMS 0x0000000701000000, 0x0000000701000000|
|  17|0x0000000701100000, 0x00000007011ffed0, 0x0000000701200000| 99%| O|  |TS  0|AC  0|TAMS 0x0000000701100000, 0x0000000701100000|
|  18|0x0000000701200000, 0x00000007012fffc8, 0x0000000701300000| 99%| O|  |TS  0|AC  0|TAMS 0x0000000701200000, 0x0000000701200000|
|  19|0x0000000701300000, 0x00000007013ffff8, 0x0000000701400000| 99%| O|  |TS  0|AC  0|TAMS 0x0000000701300000, 0x0000000701300000|
|  20|0x0000000701400000, 0x00000007014fecf8, 0x0000000701500000| 99%| O|  |TS  0|AC  0|TAMS 0x0000000701400000, 0x0000000701400000|
|  21|0x0000000701500000, 0x0000000701600000, 0x0000000701600000|100%| O|  |TS  0|AC  0|TAMS 0x0000000701500000, 0x0000000701500000|
|  22|0x0000000701600000, 0x00000007016fff30, 0x0000000701700000| 99%| O|  |TS  0|AC  0|TAMS 0x0000000701600000, 0x0000000701600000|
|  23|0x0000000701700000, 0x00000007017ffff8, 0x0000000701800000| 99%| O|  |TS  0|AC  0|TAMS 0x0000000701700000, 0x0000000701700000|
|  24|0x0000000701800000, 0x00000007018ffff0, 0x0000000701900000| 99%| O|  |TS  0|AC  0|TAMS 0x0000000701800000, 0x0000000701800000|
|  25|0x0000000701900000, 0x00000007019fffc8, 0x0000000701a00000| 99%| O|  |TS  0|AC  0|TAMS 0x0000000701900000, 0x0000000701900000|
|  26|0x0000000701a00000, 0x0000000701affff8, 0x0000000701b00000| 99%| O|  |TS  0|AC  0|TAMS 0x0000000701a00000, 0x0000000701a00000|
|  27|0x0000000701b00000, 0x0000000701c00000, 0x0000000701c00000|100%| O|  |TS  0|AC  0|TAMS 0x0000000701b00000, 0x0000000701b00000|
|  28|0x0000000701c00000, 0x0000000701cffff0, 0x0000000701d00000| 99%| O|  |TS  0|AC  0|TAMS 0x0000000701c00000, 0x0000000701c00000|
|  29|0x0000000701d00000, 0x0000000701dfffb0, 0x0000000701e00000| 99%| O|  |TS  0|AC  0|TAMS 0x0000000701d00000, 0x0000000701d00000|
|  30|0x0000000701e00000, 0x0000000701f00000, 0x0000000701f00000|100%| O|  |TS  0|AC  0|TAMS 0x0000000701e00000, 0x0000000701e00000|
|  31|0x0000000701f00000, 0x0000000701fffe58, 0x0000000702000000| 99%| O|  |TS  0|AC  0|TAMS 0x0000000701f00000, 0x0000000701f00000|
|  32|0x0000000702000000, 0x00000007020ffff0, 0x0000000702100000| 99%| O|  |TS  0|AC  0|TAMS 0x0000000702000000, 0x0000000702000000|
|  33|0x0000000702100000, 0x00000007021ffff0, 0x0000000702200000| 99%| O|  |TS  0|AC  0|TAMS 0x0000000702100000, 0x0000000702100000|
|  34|0x0000000702200000, 0x00000007022fffb8, 0x0000000702300000| 99%| O|  |TS  0|AC  0|TAMS 0x0000000702200000, 0x0000000702200000|
|  35|0x0000000702300000, 0x00000007023ffff8, 0x0000000702400000| 99%| O|  |TS  0|AC  0|TAMS 0x0000000702300000, 0x0000000702300000|
|  36|0x0000000702400000, 0x00000007024ffff0, 0x0000000702500000| 99%| O|  |TS  0|AC  0|TAMS 0x0000000702400000, 0x0000000702400000|
|  37|0x0000000702500000, 0x00000007025ffff8, 0x0000000702600000| 99%| O|  |TS  0|AC  0|TAMS 0x0000000702500000, 0x0000000702500000|
|  38|0x0000000702600000, 0x0000000702700000, 0x0000000702700000|100%| O|  |TS  0|AC  0|TAMS 0x0000000702600000, 0x0000000702600000|
|  39|0x0000000702700000, 0x00000007027ffc00, 0x0000000702800000| 99%| O|  |TS  0|AC  0|TAMS 0x0000000702700000, 0x0000000702700000|
|  40|0x0000000702800000, 0x00000007028ffff8, 0x0000000702900000| 99%| O|  |TS  0|AC  0|TAMS 0x0000000702800000, 0x0000000702800000|
|  41|0x0000000702900000, 0x0000000702a00000, 0x0000000702a00000|100%|HS|  |TS  0|AC  0|TAMS 0x0000000702900000, 0x0000000702900000|
|  42|0x0000000702a00000, 0x0000000702b00000, 0x0000000702b00000|100%|HC|  |TS  0|AC  0|TAMS 0x0000000702a00000, 0x0000000702a00000|
|  43|0x0000000702b00000, 0x0000000702c00000, 0x0000000702c00000|100%|HC|  |TS  0|AC  0|TAMS 0x0000000702b00000, 0x0000000702b00000|
|  44|0x0000000702c00000, 0x0000000702d00000, 0x0000000702d00000|100%|HC|  |TS  0|AC  0|TAMS 0x0000000702c00000, 0x0000000702c00000|
|  45|0x0000000702d00000, 0x0000000702e00000, 0x0000000702e00000|100%|HC|  |TS  0|AC  0|TAMS 0x0000000702d00000, 0x0000000702d00000|
|  46|0x0000000702e00000, 0x0000000702f00000, 0x0000000702f00000|100%|HC|  |TS  0|AC  0|TAMS 0x0000000702e00000, 0x0000000702e00000|
|  47|0x0000000702f00000, 0x0000000703000000, 0x0000000703000000|100%|HC|  |TS  0|AC  0|TAMS 0x0000000702f00000, 0x0000000702f00000|
|  48|0x0000000703000000, 0x0000000703100000, 0x0000000703100000|100%|HC|  |TS  0|AC  0|TAMS 0x0000000703000000, 0x0000000703000000|
|  49|0x0000000703100000, 0x00000007031fffb8, 0x0000000703200000| 99%| O|  |TS  0|AC  0|TAMS 0x0000000703100000, 0x0000000703100000|
|  50|0x0000000703200000, 0x00000007032ffff0, 0x0000000703300000| 99%| O|  |TS  0|AC  0|TAMS 0x0000000703200000, 0x0000000703200000|
|  51|0x0000000703300000, 0x00000007033ffce0, 0x0000000703400000| 99%| O|  |TS  0|AC  0|TAMS 0x0000000703300000, 0x0000000703300000|
|  52|0x0000000703400000, 0x00000007034ffff0, 0x0000000703500000| 99%| O|  |TS  0|AC  0|TAMS 0x0000000703400000, 0x0000000703400000|
|  53|0x0000000703500000, 0x00000007035fff18, 0x0000000703600000| 99%| O|  |TS  0|AC  0|TAMS 0x0000000703500000, 0x0000000703500000|
|  54|0x0000000703600000, 0x00000007036fff58, 0x0000000703700000| 99%| O|  |TS  0|AC  0|TAMS 0x0000000703600000, 0x0000000703600000|
|  55|0x0000000703700000, 0x00000007037ffff8, 0x0000000703800000| 99%| O|  |TS  0|AC  0|TAMS 0x0000000703700000, 0x0000000703700000|
|  56|0x0000000703800000, 0x00000007038ffff8, 0x0000000703900000| 99%| O|  |TS  0|AC  0|TAMS 0x0000000703800000, 0x0000000703800000|
|  57|0x0000000703900000, 0x00000007039ffee8, 0x0000000703a00000| 99%| O|  |TS  0|AC  0|TAMS 0x0000000703900000, 0x0000000703900000|
|  58|0x0000000703a00000, 0x0000000703b00000, 0x0000000703b00000|100%| O|  |TS  0|AC  0|TAMS 0x0000000703a00000, 0x0000000703a00000|
|  59|0x0000000703b00000, 0x0000000703bfffc8, 0x0000000703c00000| 99%| O|  |TS  0|AC  0|TAMS 0x0000000703b00000, 0x0000000703b00000|
|  60|0x0000000703c00000, 0x0000000703cfff30, 0x0000000703d00000| 99%| O|  |TS  0|AC  0|TAMS 0x0000000703c00000, 0x0000000703c00000|
|  61|0x0000000703d00000, 0x0000000703e00000, 0x0000000703e00000|100%| O|  |TS  0|AC  0|TAMS 0x0000000703d00000, 0x0000000703d00000|
|  62|0x0000000703e00000, 0x0000000703eb7910, 0x0000000703f00000| 71%| O|  |TS  0|AC  0|TAMS 0x0000000703e00000, 0x0000000703e00000|
|  63|0x0000000703f00000, 0x0000000703f1d600, 0x0000000704000000| 11%| O|  |TS 41|AC  0|TAMS 0x0000000703f00000, 0x0000000703f00000|
|  64|0x0000000704000000, 0x0000000704000000, 0x0000000704100000|  0%| F|  |TS  0|AC  0|TAMS 0x0000000704000000, 0x0000000704000000|
|  65|0x0000000704100000, 0x0000000704100000, 0x0000000704200000|  0%| F|  |TS  0|AC  0|TAMS 0x0000000704100000, 0x0000000704100000|
|  66|0x0000000704200000, 0x0000000704200000, 0x0000000704300000|  0%| F|  |TS  0|AC  0|TAMS 0x0000000704200000, 0x0000000704200000|
|  67|0x0000000704300000, 0x0000000704300000, 0x0000000704400000|  0%| F|  |TS  0|AC  0|TAMS 0x0000000704300000, 0x0000000704300000|
|  68|0x0000000704400000, 0x0000000704500000, 0x0000000704500000|100%|HS|  |TS  0|AC  0|TAMS 0x0000000704400000, 0x0000000704400000|
|  69|0x0000000704500000, 0x0000000704600000, 0x0000000704600000|100%|HS|  |TS  0|AC  0|TAMS 0x0000000704500000, 0x0000000704500000|
|  70|0x0000000704600000, 0x0000000704700000, 0x0000000704700000|100%|HC|  |TS  0|AC  0|TAMS 0x0000000704600000, 0x0000000704600000|
|  71|0x0000000704700000, 0x0000000704700000, 0x0000000704800000|  0%| F|  |TS  0|AC  0|TAMS 0x0000000704700000, 0x0000000704700000|
|  72|0x0000000704800000, 0x0000000704800000, 0x0000000704900000|  0%| F|  |TS  0|AC  0|TAMS 0x0000000704800000, 0x0000000704800000|
|  73|0x0000000704900000, 0x0000000704900000, 0x0000000704a00000|  0%| F|  |TS  0|AC  0|TAMS 0x0000000704900000, 0x0000000704900000|
|  74|0x0000000704a00000, 0x0000000704a00000, 0x0000000704b00000|  0%| F|  |TS  0|AC  0|TAMS 0x0000000704a00000, 0x0000000704a00000|
|  75|0x0000000704b00000, 0x0000000704b00000, 0x0000000704c00000|  0%| F|  |TS  0|AC  0|TAMS 0x0000000704b00000, 0x0000000704b00000|
|  76|0x0000000704c00000, 0x0000000704c00000, 0x0000000704d00000|  0%| F|  |TS  0|AC  0|TAMS 0x0000000704c00000, 0x0000000704c00000|
|  77|0x0000000704d00000, 0x0000000704d00000, 0x0000000704e00000|  0%| F|  |TS  0|AC  0|TAMS 0x0000000704d00000, 0x0000000704d00000|
|  78|0x0000000704e00000, 0x0000000704e00000, 0x0000000704f00000|  0%| F|  |TS  0|AC  0|TAMS 0x0000000704e00000, 0x0000000704e00000|
|  79|0x0000000704f00000, 0x0000000704f00000, 0x0000000705000000|  0%| F|  |TS  0|AC  0|TAMS 0x0000000704f00000, 0x0000000704f00000|
|  80|0x0000000705000000, 0x0000000705000000, 0x0000000705100000|  0%| F|  |TS  0|AC  0|TAMS 0x0000000705000000, 0x0000000705000000|
|  81|0x0000000705100000, 0x0000000705100000, 0x0000000705200000|  0%| F|  |TS  0|AC  0|TAMS 0x0000000705100000, 0x0000000705100000|
|  82|0x0000000705200000, 0x0000000705200000, 0x0000000705300000|  0%| F|  |TS  0|AC  0|TAMS 0x0000000705200000, 0x0000000705200000|
|  83|0x0000000705300000, 0x0000000705300000, 0x0000000705400000|  0%| F|  |TS  0|AC  0|TAMS 0x0000000705300000, 0x0000000705300000|
|  84|0x0000000705400000, 0x0000000705400000, 0x0000000705500000|  0%| F|  |TS  0|AC  0|TAMS 0x0000000705400000, 0x0000000705400000|
|  85|0x0000000705500000, 0x0000000705500000, 0x0000000705600000|  0%| F|  |TS  0|AC  0|TAMS 0x0000000705500000, 0x0000000705500000|
|  86|0x0000000705600000, 0x0000000705600000, 0x0000000705700000|  0%| F|  |TS  0|AC  0|TAMS 0x0000000705600000, 0x0000000705600000|
|  87|0x0000000705700000, 0x0000000705700000, 0x0000000705800000|  0%| F|  |TS  0|AC  0|TAMS 0x0000000705700000, 0x0000000705700000|
|  88|0x0000000705800000, 0x0000000705800000, 0x0000000705900000|  0%| F|  |TS  0|AC  0|TAMS 0x0000000705800000, 0x0000000705800000|
|  89|0x0000000705900000, 0x0000000705900000, 0x0000000705a00000|  0%| F|  |TS  0|AC  0|TAMS 0x0000000705900000, 0x0000000705900000|
|  90|0x0000000705a00000, 0x0000000705a00000, 0x0000000705b00000|  0%| F|  |TS  0|AC  0|TAMS 0x0000000705a00000, 0x0000000705a00000|
|  91|0x0000000705b00000, 0x0000000705b00000, 0x0000000705c00000|  0%| F|  |TS 41|AC  0|TAMS 0x0000000705b00000, 0x0000000705b00000|
|  92|0x0000000705c00000, 0x0000000705c00000, 0x0000000705d00000|  0%| F|  |TS 41|AC  0|TAMS 0x0000000705c00000, 0x0000000705c00000|
|  93|0x0000000705d00000, 0x0000000705d00000, 0x0000000705e00000|  0%| F|  |TS 41|AC  0|TAMS 0x0000000705d00000, 0x0000000705d00000|
|  94|0x0000000705e00000, 0x0000000705e65030, 0x0000000705f00000| 39%| S|CS|TS 41|AC  0|TAMS 0x0000000705e00000, 0x0000000705e00000|
|  95|0x0000000705f00000, 0x0000000706000000, 0x0000000706000000|100%| S|CS|TS 41|AC  0|TAMS 0x0000000705f00000, 0x0000000705f00000|
|  96|0x0000000706000000, 0x0000000706100000, 0x0000000706100000|100%| S|CS|TS 41|AC  0|TAMS 0x0000000706000000, 0x0000000706000000|
|  97|0x0000000706100000, 0x0000000706100000, 0x0000000706200000|  0%| F|  |TS 41|AC  0|TAMS 0x0000000706100000, 0x0000000706100000|
|  98|0x0000000706200000, 0x000000070628e7b8, 0x0000000706300000| 55%| E|  |TS 41|AC  0|TAMS 0x0000000706200000, 0x0000000706200000|
|  99|0x0000000706300000, 0x0000000706400000, 0x0000000706400000|100%| E|CS|TS 41|AC  0|TAMS 0x0000000706300000, 0x0000000706300000|
| 100|0x0000000706400000, 0x0000000706500000, 0x0000000706500000|100%| E|CS|TS 41|AC  0|TAMS 0x0000000706400000, 0x0000000706400000|
| 101|0x0000000706500000, 0x0000000706600000, 0x0000000706600000|100%| E|CS|TS 41|AC  0|TAMS 0x0000000706500000, 0x0000000706500000|
| 102|0x0000000706600000, 0x0000000706700000, 0x0000000706700000|100%| E|CS|TS 41|AC  0|TAMS 0x0000000706600000, 0x0000000706600000|
| 103|0x0000000706700000, 0x0000000706800000, 0x0000000706800000|100%| E|CS|TS 41|AC  0|TAMS 0x0000000706700000, 0x0000000706700000|
| 104|0x0000000706800000, 0x0000000706900000, 0x0000000706900000|100%| E|CS|TS 41|AC  0|TAMS 0x0000000706800000, 0x0000000706800000|
| 105|0x0000000706900000, 0x0000000706a00000, 0x0000000706a00000|100%| E|CS|TS 41|AC  0|TAMS 0x0000000706900000, 0x0000000706900000|
| 106|0x0000000706a00000, 0x0000000706b00000, 0x0000000706b00000|100%| E|CS|TS 41|AC  0|TAMS 0x0000000706a00000, 0x0000000706a00000|
| 107|0x0000000706b00000, 0x0000000706c00000, 0x0000000706c00000|100%| E|CS|TS 41|AC  0|TAMS 0x0000000706b00000, 0x0000000706b00000|
| 108|0x0000000706c00000, 0x0000000706d00000, 0x0000000706d00000|100%| E|CS|TS 41|AC  0|TAMS 0x0000000706c00000, 0x0000000706c00000|
| 109|0x0000000706d00000, 0x0000000706e00000, 0x0000000706e00000|100%| E|CS|TS 41|AC  0|TAMS 0x0000000706d00000, 0x0000000706d00000|
| 110|0x0000000706e00000, 0x0000000706f00000, 0x0000000706f00000|100%| E|CS|TS 41|AC  0|TAMS 0x0000000706e00000, 0x0000000706e00000|
| 111|0x0000000706f00000, 0x0000000707000000, 0x0000000707000000|100%| E|CS|TS 41|AC  0|TAMS 0x0000000706f00000, 0x0000000706f00000|
| 112|0x0000000707000000, 0x0000000707100000, 0x0000000707100000|100%| E|CS|TS 41|AC  0|TAMS 0x0000000707000000, 0x0000000707000000|
| 113|0x0000000707100000, 0x0000000707200000, 0x0000000707200000|100%| E|CS|TS 41|AC  0|TAMS 0x0000000707100000, 0x0000000707100000|
| 114|0x0000000707200000, 0x0000000707300000, 0x0000000707300000|100%| E|CS|TS 41|AC  0|TAMS 0x0000000707200000, 0x0000000707200000|
| 115|0x0000000707300000, 0x0000000707400000, 0x0000000707400000|100%| E|CS|TS 41|AC  0|TAMS 0x0000000707300000, 0x0000000707300000|
| 116|0x0000000707400000, 0x0000000707500000, 0x0000000707500000|100%| E|CS|TS 41|AC  0|TAMS 0x0000000707400000, 0x0000000707400000|
| 117|0x0000000707500000, 0x0000000707600000, 0x0000000707600000|100%| E|CS|TS 41|AC  0|TAMS 0x0000000707500000, 0x0000000707500000|
| 118|0x0000000707600000, 0x0000000707700000, 0x0000000707700000|100%| E|CS|TS 41|AC  0|TAMS 0x0000000707600000, 0x0000000707600000|
| 119|0x0000000707700000, 0x0000000707800000, 0x0000000707800000|100%| E|CS|TS 41|AC  0|TAMS 0x0000000707700000, 0x0000000707700000|
| 120|0x0000000707800000, 0x0000000707900000, 0x0000000707900000|100%| E|CS|TS 41|AC  0|TAMS 0x0000000707800000, 0x0000000707800000|
| 121|0x0000000707900000, 0x0000000707a00000, 0x0000000707a00000|100%| E|CS|TS 41|AC  0|TAMS 0x0000000707900000, 0x0000000707900000|
| 122|0x0000000707a00000, 0x0000000707b00000, 0x0000000707b00000|100%| E|CS|TS 41|AC  0|TAMS 0x0000000707a00000, 0x0000000707a00000|
| 123|0x0000000707b00000, 0x0000000707c00000, 0x0000000707c00000|100%| E|CS|TS 41|AC  0|TAMS 0x0000000707b00000, 0x0000000707b00000|
| 124|0x0000000707c00000, 0x0000000707d00000, 0x0000000707d00000|100%| E|CS|TS 41|AC  0|TAMS 0x0000000707c00000, 0x0000000707c00000|
| 125|0x0000000707d00000, 0x0000000707e00000, 0x0000000707e00000|100%| E|CS|TS 41|AC  0|TAMS 0x0000000707d00000, 0x0000000707d00000|
| 126|0x0000000707e00000, 0x0000000707f00000, 0x0000000707f00000|100%| E|CS|TS 41|AC  0|TAMS 0x0000000707e00000, 0x0000000707e00000|
| 127|0x0000000707f00000, 0x0000000708000000, 0x0000000708000000|100%| E|CS|TS 41|AC  0|TAMS 0x0000000707f00000, 0x0000000707f00000|
| 128|0x0000000708000000, 0x0000000708100000, 0x0000000708100000|100%| E|CS|TS 41|AC  0|TAMS 0x0000000708000000, 0x0000000708000000|
| 129|0x0000000708100000, 0x0000000708200000, 0x0000000708200000|100%| E|CS|TS 41|AC  0|TAMS 0x0000000708100000, 0x0000000708100000|
| 130|0x0000000708200000, 0x0000000708300000, 0x0000000708300000|100%| E|CS|TS 41|AC  0|TAMS 0x0000000708200000, 0x0000000708200000|
| 131|0x0000000708300000, 0x0000000708400000, 0x0000000708400000|100%| E|CS|TS 41|AC  0|TAMS 0x0000000708300000, 0x0000000708300000|
| 132|0x0000000708400000, 0x0000000708500000, 0x0000000708500000|100%| E|CS|TS 41|AC  0|TAMS 0x0000000708400000, 0x0000000708400000|
| 133|0x0000000708500000, 0x0000000708600000, 0x0000000708600000|100%| E|CS|TS 41|AC  0|TAMS 0x0000000708500000, 0x0000000708500000|
| 134|0x0000000708600000, 0x0000000708700000, 0x0000000708700000|100%| E|CS|TS 41|AC  0|TAMS 0x0000000708600000, 0x0000000708600000|
| 135|0x0000000708700000, 0x0000000708800000, 0x0000000708800000|100%| E|CS|TS 41|AC  0|TAMS 0x0000000708700000, 0x0000000708700000|
| 136|0x0000000708800000, 0x0000000708900000, 0x0000000708900000|100%| E|CS|TS 41|AC  0|TAMS 0x0000000708800000, 0x0000000708800000|
| 137|0x0000000708900000, 0x0000000708a00000, 0x0000000708a00000|100%| E|CS|TS 41|AC  0|TAMS 0x0000000708900000, 0x0000000708900000|
| 138|0x0000000708a00000, 0x0000000708b00000, 0x0000000708b00000|100%| E|CS|TS 41|AC  0|TAMS 0x0000000708a00000, 0x0000000708a00000|
| 139|0x0000000708b00000, 0x0000000708c00000, 0x0000000708c00000|100%| E|CS|TS 41|AC  0|TAMS 0x0000000708b00000, 0x0000000708b00000|
| 140|0x0000000708c00000, 0x0000000708d00000, 0x0000000708d00000|100%| E|CS|TS 41|AC  0|TAMS 0x0000000708c00000, 0x0000000708c00000|
| 141|0x0000000708d00000, 0x0000000708e00000, 0x0000000708e00000|100%| E|CS|TS 41|AC  0|TAMS 0x0000000708d00000, 0x0000000708d00000|
| 142|0x0000000708e00000, 0x0000000708f00000, 0x0000000708f00000|100%| E|CS|TS 41|AC  0|TAMS 0x0000000708e00000, 0x0000000708e00000|
| 143|0x0000000708f00000, 0x0000000709000000, 0x0000000709000000|100%| E|CS|TS 41|AC  0|TAMS 0x0000000708f00000, 0x0000000708f00000|
| 144|0x0000000709000000, 0x0000000709100000, 0x0000000709100000|100%| E|CS|TS 41|AC  0|TAMS 0x0000000709000000, 0x0000000709000000|
| 145|0x0000000709100000, 0x0000000709200000, 0x0000000709200000|100%| E|CS|TS 41|AC  0|TAMS 0x0000000709100000, 0x0000000709100000|
| 146|0x0000000709200000, 0x0000000709300000, 0x0000000709300000|100%| E|CS|TS 41|AC  0|TAMS 0x0000000709200000, 0x0000000709200000|
| 147|0x0000000709300000, 0x0000000709400000, 0x0000000709400000|100%| E|CS|TS 41|AC  0|TAMS 0x0000000709300000, 0x0000000709300000|
| 148|0x0000000709400000, 0x0000000709500000, 0x0000000709500000|100%| E|CS|TS 41|AC  0|TAMS 0x0000000709400000, 0x0000000709400000|
| 149|0x0000000709500000, 0x0000000709600000, 0x0000000709600000|100%| E|CS|TS 41|AC  0|TAMS 0x0000000709500000, 0x0000000709500000|
| 150|0x0000000709600000, 0x0000000709700000, 0x0000000709700000|100%| E|CS|TS 41|AC  0|TAMS 0x0000000709600000, 0x0000000709600000|
| 151|0x0000000709700000, 0x0000000709800000, 0x0000000709800000|100%| E|CS|TS 41|AC  0|TAMS 0x0000000709700000, 0x0000000709700000|
| 152|0x0000000709800000, 0x0000000709900000, 0x0000000709900000|100%| E|CS|TS 41|AC  0|TAMS 0x0000000709800000, 0x0000000709800000|
| 153|0x0000000709900000, 0x0000000709a00000, 0x0000000709a00000|100%| E|CS|TS 41|AC  0|TAMS 0x0000000709900000, 0x0000000709900000|

Card table byte_map: [0x0000022c478a0000,0x0000022c47ea0000] byte_map_base: 0x0000022c440a0000

Marking Bits (Prev, Next): (CMBitMap*) 0x0000022c2c753d30, (CMBitMap*) 0x0000022c2c753d68
 Prev Bits: [0x0000022c484a0000, 0x0000022c4b4a0000)
 Next Bits: [0x0000022c4b4a0000, 0x0000022c4e4a0000)

Polling page: 0x0000022c27bd0000

CodeHeap 'non-profiled nmethods': size=119168Kb used=20326Kb max_used=20458Kb free=98841Kb
 bounds [0x0000022c3fe40000, 0x0000022c41240000, 0x0000022c472a0000]
CodeHeap 'profiled nmethods': size=119168Kb used=43141Kb max_used=43910Kb free=76026Kb
 bounds [0x0000022c389e0000, 0x0000022c3b540000, 0x0000022c3fe40000]
CodeHeap 'non-nmethods': size=7424Kb used=3468Kb max_used=3535Kb free=3956Kb
 bounds [0x0000022c382a0000, 0x0000022c38620000, 0x0000022c389e0000]
 total_blobs=31598 nmethods=17444 adapters=1110
 compilation: enabled

Compilation events (10 events):
Event: 1576.981 Thread 0x0000022c2c74a000 21897       3       ui.data.design.g::agv (8 bytes)
Event: 1576.981 Thread 0x0000022c2c74a000 nmethod 21897 0x0000022c390e5c10 code [0x0000022c390e5dc0, 0x0000022c390e5f50]
Event: 1576.995 Thread 0x0000022c2c74b000 21899       3       ui.views.p.a.f::fxJ (28 bytes)
Event: 1576.995 Thread 0x0000022c2c74b000 nmethod 21899 0x0000022c39830c90 code [0x0000022c39830ea0, 0x0000022c39831720]
Event: 1577.191 Thread 0x0000022c2c74c800 21900       3       javax.swing.JMenuItem::removeMenuKeyListener (12 bytes)
Event: 1577.191 Thread 0x0000022c2c74c800 nmethod 21900 0x0000022c3914af10 code [0x0000022c3914b0c0, 0x0000022c3914b270]
Event: 1577.196 Thread 0x0000022c2c3dd000 21901       1       ui.utils.o.w.Y::e (5 bytes)
Event: 1577.196 Thread 0x0000022c2c74a000 21902       1       ui.utils.o.w.Y::f (5 bytes)
Event: 1577.196 Thread 0x0000022c2c3dd000 nmethod 21901 0x0000022c40b5f890 code [0x0000022c40b5fa40, 0x0000022c40b5fb38]
Event: 1577.196 Thread 0x0000022c2c74a000 nmethod 21902 0x0000022c40bffc10 code [0x0000022c40bffdc0, 0x0000022c40bffeb8]

GC Heap History (10 events):
Event: 1559.603 GC heap before
{Heap before GC invocations=211 (full 44):
 garbage-first heap   total 157696K, used 127604K [0x0000000700000000, 0x00000007001004d0, 0x00000007c0000000)
  region size 1024K, 60 young (61440K), 2 survivors (2048K)
 Metaspace       used 81111K, capacity 87244K, committed 87400K, reserved 1124352K
  class space    used 11006K, capacity 12076K, committed 12156K, reserved 1048576K
}
Event: 1559.605 GC heap after
{Heap after GC invocations=212 (full 44):
 garbage-first heap   total 157696K, used 68200K [0x0000000700000000, 0x00000007001004d0, 0x00000007c0000000)
  region size 1024K, 2 young (2048K), 2 survivors (2048K)
 Metaspace       used 81111K, capacity 87244K, committed 87400K, reserved 1124352K
  class space    used 11006K, capacity 12076K, committed 12156K, reserved 1048576K
}
Event: 1563.342 GC heap before
{Heap before GC invocations=212 (full 44):
 garbage-first heap   total 157696K, used 127592K [0x0000000700000000, 0x00000007001004d0, 0x00000007c0000000)
  region size 1024K, 60 young (61440K), 2 survivors (2048K)
 Metaspace       used 81133K, capacity 87308K, committed 87656K, reserved 1124352K
  class space    used 11006K, capacity 12076K, committed 12156K, reserved 1048576K
}
Event: 1563.344 GC heap after
{Heap after GC invocations=213 (full 44):
 garbage-first heap   total 157696K, used 68946K [0x0000000700000000, 0x00000007001004d0, 0x00000007c0000000)
  region size 1024K, 3 young (3072K), 3 survivors (3072K)
 Metaspace       used 81133K, capacity 87308K, committed 87656K, reserved 1124352K
  class space    used 11006K, capacity 12076K, committed 12156K, reserved 1048576K
}
Event: 1565.908 GC heap before
{Heap before GC invocations=213 (full 44):
 garbage-first heap   total 157696K, used 127314K [0x0000000700000000, 0x00000007001004d0, 0x00000007c0000000)
  region size 1024K, 60 young (61440K), 3 survivors (3072K)
 Metaspace       used 81181K, capacity 87308K, committed 87656K, reserved 1124352K
  class space    used 11009K, capacity 12076K, committed 12156K, reserved 1048576K
}
Event: 1565.910 GC heap after
{Heap after GC invocations=214 (full 44):
 garbage-first heap   total 157696K, used 68165K [0x0000000700000000, 0x00000007001004d0, 0x00000007c0000000)
  region size 1024K, 2 young (2048K), 2 survivors (2048K)
 Metaspace       used 81181K, capacity 87308K, committed 87656K, reserved 1124352K
  class space    used 11009K, capacity 12076K, committed 12156K, reserved 1048576K
}
Event: 1573.450 GC heap before
{Heap before GC invocations=214 (full 44):
 garbage-first heap   total 157696K, used 127557K [0x0000000700000000, 0x00000007001004d0, 0x00000007c0000000)
  region size 1024K, 60 young (61440K), 2 survivors (2048K)
 Metaspace       used 81407K, capacity 87500K, committed 87656K, reserved 1124352K
  class space    used 11024K, capacity 12076K, committed 12156K, reserved 1048576K
}
Event: 1573.452 GC heap after
{Heap after GC invocations=215 (full 44):
 garbage-first heap   total 157696K, used 69050K [0x0000000700000000, 0x00000007001004d0, 0x00000007c0000000)
  region size 1024K, 3 young (3072K), 3 survivors (3072K)
 Metaspace       used 81407K, capacity 87500K, committed 87656K, reserved 1124352K
  class space    used 11024K, capacity 12076K, committed 12156K, reserved 1048576K
}
Event: 1576.817 GC heap before
{Heap before GC invocations=215 (full 44):
 garbage-first heap   total 157696K, used 127418K [0x0000000700000000, 0x00000007001004d0, 0x00000007c0000000)
  region size 1024K, 60 young (61440K), 3 survivors (3072K)
 Metaspace       used 81452K, capacity 87660K, committed 87912K, reserved 1124352K
  class space    used 11035K, capacity 12108K, committed 12156K, reserved 1048576K
}
Event: 1576.819 GC heap after
{Heap after GC invocations=216 (full 44):
 garbage-first heap   total 157696K, used 69039K [0x0000000700000000, 0x00000007001004d0, 0x00000007c0000000)
  region size 1024K, 3 young (3072K), 3 survivors (3072K)
 Metaspace       used 81452K, capacity 87660K, committed 87912K, reserved 1124352K
  class space    used 11035K, capacity 12108K, committed 12156K, reserved 1048576K
}

Deoptimization events (10 events):
Event: 1576.624 Thread 0x0000022c5420c800 Uncommon trap: reason=unstable_if action=reinterpret pc=0x0000022c40ac884c method=javax.swing.JTree.isExpanded(Ljavax/swing/tree/TreePath;)Z @ 26 c2
Event: 1576.761 Thread 0x0000022c5420c800 Uncommon trap: reason=bimorphic_or_optimized_type_check action=maybe_recompile pc=0x0000022c40fda950 method=com.jidesoft.editor.tokenmarker.TokenMarker.markTokens(Ljavax/swing/text/Segment;I)Lcom/jidesoft/editor/tokenmarker/Token; @ 112 c2
Event: 1576.778 Thread 0x0000022c5420c800 Uncommon trap: reason=bimorphic_or_optimized_type_check action=maybe_recompile pc=0x0000022c40fda950 method=com.jidesoft.editor.tokenmarker.TokenMarker.markTokens(Ljavax/swing/text/Segment;I)Lcom/jidesoft/editor/tokenmarker/Token; @ 112 c2
Event: 1576.778 Thread 0x0000022c5420c800 Uncommon trap: reason=bimorphic_or_optimized_type_check action=maybe_recompile pc=0x0000022c40fda950 method=com.jidesoft.editor.tokenmarker.TokenMarker.markTokens(Ljavax/swing/text/Segment;I)Lcom/jidesoft/editor/tokenmarker/Token; @ 112 c2
Event: 1576.778 Thread 0x0000022c5420c800 Uncommon trap: reason=bimorphic_or_optimized_type_check action=maybe_recompile pc=0x0000022c40fda950 method=com.jidesoft.editor.tokenmarker.TokenMarker.markTokens(Ljavax/swing/text/Segment;I)Lcom/jidesoft/editor/tokenmarker/Token; @ 112 c2
Event: 1576.895 Thread 0x0000022c5420c800 Uncommon trap: reason=class_check action=maybe_recompile pc=0x0000022c40ffcbac method=de.javasoft.synthetica.plain.GraphicsUtils.paintText(Ljavax/swing/plaf/synth/SynthContext;Ljava/awt/Graphics;Ljava/lang/String;III)V @ 180 c2
Event: 1576.919 Thread 0x0000022c5420c800 Uncommon trap: reason=class_check action=maybe_recompile pc=0x0000022c40ffcbac method=de.javasoft.synthetica.plain.GraphicsUtils.paintText(Ljavax/swing/plaf/synth/SynthContext;Ljava/awt/Graphics;Ljava/lang/String;III)V @ 180 c2
Event: 1576.924 Thread 0x0000022c5420c800 Uncommon trap: reason=class_check action=maybe_recompile pc=0x0000022c40ffcbac method=de.javasoft.synthetica.plain.GraphicsUtils.paintText(Ljavax/swing/plaf/synth/SynthContext;Ljava/awt/Graphics;Ljava/lang/String;III)V @ 180 c2
Event: 1576.937 Thread 0x0000022c5420c800 Uncommon trap: reason=class_check action=maybe_recompile pc=0x0000022c40ffcbac method=de.javasoft.synthetica.plain.GraphicsUtils.paintText(Ljavax/swing/plaf/synth/SynthContext;Ljava/awt/Graphics;Ljava/lang/String;III)V @ 180 c2
Event: 1577.192 Thread 0x0000022c5420c800 Uncommon trap: reason=unstable_if action=reinterpret pc=0x0000022c40cc2320 method=javax.swing.AbstractButton.setText(Ljava/lang/String;)V @ 50 c2

Classes redefined (0 events):
No events

Internal exceptions (10 events):
Event: 649.336 Thread 0x0000022c5420c800 Exception <a 'java/lang/NoSuchMethodError'{0x0000000706dba4c8}: java.lang.invoke.DirectMethodHandle$Holder.invokeSpecial(Ljava/lang/Object;Ljava/lang/Object;IILjava/lang/Object;ILjava/lang/Object;I)Ljava/lang/Object;> (0x0000000706dba4c8) thrown at [t:/wo
Event: 649.336 Thread 0x0000022c5420c800 Exception <a 'java/lang/NoSuchMethodError'{0x0000000706dbdc38}: java.lang.invoke.DelegatingMethodHandle$Holder.reinvoke_L(Ljava/lang/Object;IILjava/lang/Object;ILjava/lang/Object;I)Ljava/lang/Object;> (0x0000000706dbdc38) thrown at [t:/workspace/hotspot/s
Event: 649.337 Thread 0x0000022c5420c800 Exception <a 'java/lang/NoSuchMethodError'{0x0000000706dedb70}: method resolution failed> (0x0000000706dedb70) thrown at [t:/workspace/hotspot/src/share/vm/prims/methodHandles.cpp, line 1256]
Event: 1193.167 Thread 0x0000022c5420c800 Implicit null exception at 0x0000022c406ba3b3 to 0x0000022c406c1149
Event: 1193.168 Thread 0x0000022c5420c800 Implicit null exception at 0x0000022c402df038 to 0x0000022c402e2001
Event: 1547.365 Thread 0x0000022c5420c800 Implicit null exception at 0x0000022c4119a595 to 0x0000022c4119a9e1
Event: 1573.464 Thread 0x0000022c5b7b5800 Exception <a 'java/lang/InterruptedException'{0x0000000709100420}: sleep interrupted> (0x0000000709100420) thrown at [t:/workspace/hotspot/src/share/vm/prims/jvm.cpp, line 2984]
Event: 1574.637 Thread 0x0000022c5420c800 Implicit null exception at 0x0000022c4116b5a3 to 0x0000022c4116b8d1
Event: 1576.192 Thread 0x0000022c5420c800 Implicit null exception at 0x0000022c40be890b to 0x0000022c40be8c1d
Event: 1577.192 Thread 0x0000022c5420c800 Implicit null exception at 0x0000022c40cc1a70 to 0x0000022c40cc230e

Events (10 events):
Event: 1577.196 loading class ui/b/f/y
Event: 1577.196 loading class ui/b/f/y done
Event: 1577.197 loading class ui/b/f/z
Event: 1577.197 loading class ui/b/f/z done
Event: 1577.197 loading class ui/xpeguajni/ap
Event: 1577.197 loading class ui/xpeguajni/ap done
Event: 1577.197 loading class ui/xpeguajni/H
Event: 1577.197 loading class ui/xpeguajni/H done
Event: 1577.198 loading class ui/xpeguajni/XPG_JModelJNI
Event: 1577.198 loading class ui/xpeguajni/XPG_JModelJNI done


Dynamic libraries:
0x00007ff6d0310000 - 0x00007ff6d0340000 	D:\Xilinx\Vivado\2018.3\bin\unwrapped\win64.o\vivado.exe
0x00007ffaccbb0000 - 0x00007ffaccda5000 	C:\WINDOWS\SYSTEM32\ntdll.dll
0x00007ffacc910000 - 0x00007ffacc9ce000 	C:\WINDOWS\System32\KERNEL32.DLL
0x00007ffaca700000 - 0x00007ffaca9c8000 	C:\WINDOWS\System32\KERNELBASE.dll
0x00007ffaca2d0000 - 0x00007ffaca3d0000 	C:\WINDOWS\System32\ucrtbase.dll
0x00007ffaaeb90000 - 0x00007ffaaec1d000 	C:\WINDOWS\SYSTEM32\MSVCP140.dll
0x00007ffaaeb10000 - 0x00007ffaaeb2a000 	C:\WINDOWS\SYSTEM32\VCRUNTIME140.dll
0x00007ffa44fb0000 - 0x00007ffa45e44000 	D:\Xilinx\Vivado\2018.3\lib\win64.o\librdi_common.dll
0x00007ffac2c50000 - 0x00007ffac2c64000 	D:\Xilinx\Vivado\2018.3\lib\win64.o\libboost_signals.dll
0x00007ffac2bf0000 - 0x00007ffac2c04000 	D:\Xilinx\Vivado\2018.3\lib\win64.o\librdi_commonmain.dll
0x00007ffacc9d0000 - 0x00007ffaccb70000 	C:\WINDOWS\System32\USER32.dll
0x00007ffaaeb00000 - 0x00007ffaaeb0c000 	C:\WINDOWS\SYSTEM32\VCRUNTIME140_1.dll
0x00007ffaca9d0000 - 0x00007ffaca9f2000 	C:\WINDOWS\System32\win32u.dll
0x00007ffacaef0000 - 0x00007ffacaf1a000 	C:\WINDOWS\System32\GDI32.dll
0x00007ffacab00000 - 0x00007ffacac0b000 	C:\WINDOWS\System32\gdi32full.dll
0x00007ffa69b70000 - 0x00007ffa69ede000 	D:\Xilinx\Vivado\2018.3\lib\win64.o\libCOIN-all.dll
0x00007ffaca660000 - 0x00007ffaca6fd000 	C:\WINDOWS\System32\msvcp_win.dll
0x00007ffabf910000 - 0x00007ffabf924000 	D:\Xilinx\Vivado\2018.3\lib\win64.o\libboost_date_time.dll
0x00007ffacb9d0000 - 0x00007ffacba7e000 	C:\WINDOWS\System32\ADVAPI32.dll
0x00007ffa698b0000 - 0x00007ffa69b65000 	D:\Xilinx\Vivado\2018.3\lib\win64.o\libXil_lmgr11.dll
0x00007ffacac10000 - 0x00007ffacacae000 	C:\WINDOWS\System32\msvcrt.dll
0x00007ffacb820000 - 0x00007ffacb8fb000 	C:\WINDOWS\System32\COMDLG32.dll
0x00007ffacc870000 - 0x00007ffacc90c000 	C:\WINDOWS\System32\sechost.dll
0x00007ffabf100000 - 0x00007ffabf126000 	D:\Xilinx\Vivado\2018.3\lib\win64.o\libboost_filesystem.dll
0x00007ffacaf90000 - 0x00007ffacb0b5000 	C:\WINDOWS\System32\RPCRT4.dll
0x00007ffacbaf0000 - 0x00007ffacbe44000 	C:\WINDOWS\System32\combase.dll
0x00007ffacc450000 - 0x00007ffacc4fd000 	C:\WINDOWS\System32\shcore.dll
0x00007ffab8c20000 - 0x00007ffab8c9f000 	D:\Xilinx\Vivado\2018.3\lib\win64.o\libboost_program_options.dll
0x00007ffacb0d0000 - 0x00007ffacb814000 	C:\WINDOWS\System32\SHELL32.dll
0x00007ffacbf30000 - 0x00007ffacbf85000 	C:\WINDOWS\System32\SHLWAPI.dll
0x00007ffa96930000 - 0x00007ffa96a44000 	D:\Xilinx\Vivado\2018.3\lib\win64.o\libboost_regex.dll
0x00007ffacb900000 - 0x00007ffacb9cd000 	C:\WINDOWS\System32\OLEAUT32.dll
0x00007ffac2bc0000 - 0x00007ffac2bcb000 	D:\Xilinx\Vivado\2018.3\lib\win64.o\libboost_system.dll
0x00007ffacc510000 - 0x00007ffacc63a000 	C:\WINDOWS\System32\ole32.dll
0x00007ffab8bf0000 - 0x00007ffab8c11000 	D:\Xilinx\Vivado\2018.3\lib\win64.o\libboost_thread.dll
0x00007ffacaf20000 - 0x00007ffacaf8b000 	C:\WINDOWS\System32\WS2_32.dll
0x00007ffac2290000 - 0x00007ffac229f000 	D:\Xilinx\Vivado\2018.3\lib\win64.o\libboost_xilinx.dll
0x00007ffaca560000 - 0x00007ffaca5c8000 	C:\WINDOWS\System32\WINTRUST.dll
0x00007ffa94770000 - 0x00007ffa947f2000 	D:\Xilinx\Vivado\2018.3\lib\win64.o\libhdlpsolve.dll
0x00007ffaca3d0000 - 0x00007ffaca526000 	C:\WINDOWS\System32\CRYPT32.dll
0x00007ffa872b0000 - 0x00007ffa87355000 	D:\Xilinx\Vivado\2018.3\lib\win64.o\libhdxml.dll
0x00007ffab3c30000 - 0x00007ffab3c5e000 	D:\Xilinx\Vivado\2018.3\lib\win64.o\libisl_sysinfo.dll
0x00007ffa8ecf0000 - 0x00007ffa8ed55000 	D:\Xilinx\Vivado\2018.3\lib\win64.o\liblmx6.0.dll
0x00007ffabf8b0000 - 0x00007ffabf8ca000 	D:\Xilinx\Vivado\2018.3\lib\win64.o\pthreadVC2.dll
0x00007ffac0100000 - 0x00007ffac010a000 	D:\Xilinx\Vivado\2018.3\lib\win64.o\librdi_commonversion.dll
0x00007ffa6c5d0000 - 0x00007ffa6c6f1000 	D:\Xilinx\Vivado\2018.3\lib\win64.o\librdi_commonxillic.dll
0x000000006c8d0000 - 0x000000006c9fb000 	D:\Xilinx\Vivado\2018.3\lib\win64.o\tcl85t.dll
0x00007ffabf150000 - 0x00007ffabf16c000 	D:\Xilinx\Vivado\2018.3\lib\win64.o\librdiconfig.dll
0x00007ffab3b20000 - 0x00007ffab3b41000 	D:\Xilinx\Vivado\2018.3\lib\win64.o\librdizlib.dll
0x00007ffa482f0000 - 0x00007ffa48b3e600 	D:\Xilinx\Vivado\2018.3\lib\win64.o\libisl_iostreams.dll
0x0000000012000000 - 0x0000000012272000 	D:\Xilinx\Vivado\2018.3\lib\win64.o\xerces-c_3_1.dll
0x00007ffaadeb0000 - 0x00007ffaadeca000 	C:\WINDOWS\SYSTEM32\NETAPI32.dll
0x00007ffaae380000 - 0x00007ffaae856000 	C:\WINDOWS\SYSTEM32\WININET.dll
0x00007ffac1b80000 - 0x00007ffac1c8a000 	C:\WINDOWS\SYSTEM32\WINHTTP.dll
0x00007ffaa89c0000 - 0x00007ffaa8bac000 	C:\WINDOWS\SYSTEM32\urlmon.dll
0x00007ffaacb30000 - 0x00007ffaacb39000 	C:\WINDOWS\SYSTEM32\WSOCK32.dll
0x00007ffaaa230000 - 0x00007ffaaa25d000 	C:\WINDOWS\SYSTEM32\VCOMP140.DLL
0x00007ffa3de00000 - 0x00007ffa3ec91000 	D:\Xilinx\Vivado\2018.3\lib\win64.o\gurobi65.dll
0x00007ffaaf050000 - 0x00007ffaaf100000 	C:\WINDOWS\WinSxS\amd64_microsoft.windows.common-controls_6595b64144ccf1df_5.82.19041.1110_none_792d1c772443f647\COMCTL32.dll
0x00007ffabfeb0000 - 0x00007ffabfecd000 	C:\WINDOWS\SYSTEM32\dhcpcsvc.DLL
0x00007ffabf490000 - 0x00007ffabf49d000 	D:\Xilinx\Vivado\2018.3\lib\win64.o\libboost_chrono.dll
0x00007ffab9e40000 - 0x00007ffaba0f1000 	C:\WINDOWS\SYSTEM32\iertutil.dll
0x00007ffaade80000 - 0x00007ffaadea8000 	C:\WINDOWS\SYSTEM32\srvcli.dll
0x00007ffab3c10000 - 0x00007ffab3c2b000 	D:\Xilinx\Vivado\2018.3\lib\win64.o\libboost_iostreams.dll
0x00007ffa9e450000 - 0x00007ffa9e475000 	D:\Xilinx\Vivado\2018.3\lib\win64.o\libisl_iosutils.dll
0x00007ffac9850000 - 0x00007ffac985c000 	C:\WINDOWS\SYSTEM32\netutils.dll
0x00007ffacc420000 - 0x00007ffacc450000 	C:\WINDOWS\System32\IMM32.DLL
0x00007ffac9ec0000 - 0x00007ffac9ed2000 	C:\WINDOWS\SYSTEM32\MSASN1.dll
0x00007ffac8b80000 - 0x00007ffac8b92000 	C:\WINDOWS\SYSTEM32\kernel.appcore.dll
0x00007ffa44ab0000 - 0x00007ffa44fa5000 	D:\Xilinx\Vivado\2018.3\lib\win64.o\librdi_commontasks.dll
0x00007ffabfa20000 - 0x00007ffabfa2a000 	C:\WINDOWS\SYSTEM32\VERSION.dll
0x000000006bea0000 - 0x000000006c8c5000 	D:\Xilinx\Vivado\2018.3\tps\win64\jre9.0.4\bin\server\jvm.dll
0x00007ffa69630000 - 0x00007ffa698af000 	D:\Xilinx\Vivado\2018.3\lib\win64.o\librdi_sio.dll
0x00007ffacb0c0000 - 0x00007ffacb0c8000 	C:\WINDOWS\System32\PSAPI.DLL
0x00007ffabc2c0000 - 0x00007ffabc2e7000 	C:\WINDOWS\SYSTEM32\WINMM.dll
0x00007ffa80240000 - 0x00007ffa8032f000 	C:\WINDOWS\SYSTEM32\MSVCR120.dll
0x00007ffac9740000 - 0x00007ffac977b000 	C:\WINDOWS\SYSTEM32\IPHLPAPI.DLL
0x00007ffac9aa0000 - 0x00007ffac9b0a000 	C:\WINDOWS\SYSTEM32\MSWSOCK.DLL
0x00007ffac4ef0000 - 0x00007ffac5684000 	C:\WINDOWS\SYSTEM32\windows.storage.dll
0x00007ffac9d40000 - 0x00007ffac9d6c000 	C:\WINDOWS\SYSTEM32\Wldp.dll
0x00007ffa334f0000 - 0x00007ffa358b2000 	D:\Xilinx\Vivado\2018.3\lib\win64.o\librdi_tcltasks.dll
0x00007ffa764d0000 - 0x00007ffa765ac000 	D:\Xilinx\Vivado\2018.3\lib\win64.o\librdi_chipscope.dll
0x00007ffa61dc0000 - 0x00007ffa6219c000 	D:\Xilinx\Vivado\2018.3\lib\win64.o\librdi_bitstream.dll
0x00007ffa87670000 - 0x00007ffa876da000 	D:\Xilinx\Vivado\2018.3\lib\win64.o\librdi_boarddep.dll
0x00007ffa69fe0000 - 0x00007ffa6a15e000 	D:\Xilinx\Vivado\2018.3\lib\win64.o\librdi_board.dll
0x00007ffa68e30000 - 0x00007ffa68fe9000 	D:\Xilinx\Vivado\2018.3\lib\win64.o\librdi_chipscopeimpl.dll
0x00007ffa68a50000 - 0x00007ffa68b98000 	D:\Xilinx\Vivado\2018.3\lib\win64.o\librdi_containers.dll
0x00007ffa43c70000 - 0x00007ffa4434a000 	D:\Xilinx\Vivado\2018.3\lib\win64.o\librdi_coregenipxact.dll
0x00007ffa31be0000 - 0x00007ffa334e5000 	D:\Xilinx\Vivado\2018.3\lib\win64.o\librdi_constraints.dll
0x00007ffa47ab0000 - 0x00007ffa47dcb000 	D:\Xilinx\Vivado\2018.3\lib\win64.o\librdi_dlyest.dll
0x00007ffa1c6a0000 - 0x00007ffa2049b000 	D:\Xilinx\Vivado\2018.3\lib\win64.o\librdi_designutils.dll
0x00007ffa7fed0000 - 0x00007ffa7ff92000 	D:\Xilinx\Vivado\2018.3\lib\win64.o\librdi_dsp.dll
0x00007ffa2fdc0000 - 0x00007ffa31bdf000 	D:\Xilinx\Vivado\2018.3\lib\win64.o\librdi_coregen.dll
0x00007ffa3d8a0000 - 0x00007ffa3de00000 	D:\Xilinx\Vivado\2018.3\lib\win64.o\librdi_drc.dll
0x00007ffa849c0000 - 0x00007ffa84a1d000 	D:\Xilinx\Vivado\2018.3\lib\win64.o\librdi_hdf.dll
0x00007ffa447d0000 - 0x00007ffa44aaa000 	D:\Xilinx\Vivado\2018.3\lib\win64.o\librdi_guitools.dll
0x00007ffa3d260000 - 0x00007ffa3d89f000 	D:\Xilinx\Vivado\2018.3\lib\win64.o\librdi_filemgmt.dll
0x00007ffa75dd0000 - 0x00007ffa75e41000 	D:\Xilinx\Vivado\2018.3\lib\win64.o\librdi_memoryarray.dll
0x00007ffa3cc40000 - 0x00007ffa3d255000 	D:\Xilinx\Vivado\2018.3\lib\win64.o\librdi_memdata.dll
0x00007ffa0b940000 - 0x00007ffa1c692000 	D:\Xilinx\Vivado\2018.3\lib\win64.o\librdi_device.dll
0x00007ffa38eb0000 - 0x00007ffa3a241000 	D:\Xilinx\Vivado\2018.3\lib\win64.o\librdi_implflow.dll
0x00007ffa3c600000 - 0x00007ffa3cc3b000 	D:\Xilinx\Vivado\2018.3\lib\win64.o\librdi_netlist.dll
0x00007ffa96f80000 - 0x00007ffa96fd0000 	D:\Xilinx\Vivado\2018.3\lib\win64.o\librdi_pfi.dll
0x00007ffa43960000 - 0x00007ffa43c67000 	D:\Xilinx\Vivado\2018.3\lib\win64.o\librdi_platform.dll
0x00007ffa3b960000 - 0x00007ffa3c055000 	D:\Xilinx\Vivado\2018.3\lib\win64.o\librdi_power.dll
0x00007ffa36f90000 - 0x00007ffa37683000 	D:\Xilinx\Vivado\2018.3\lib\win64.o\librdi_psta.dll
0x00007ffa3afd0000 - 0x00007ffa3b526000 	D:\Xilinx\Vivado\2018.3\lib\win64.o\librdi_project.dll
0x00007ffa2d1c0000 - 0x00007ffa2d899000 	D:\Xilinx\Vivado\2018.3\lib\win64.o\librdi_rsb.dll
0x00007ffa42bb0000 - 0x00007ffa42f87000 	D:\Xilinx\Vivado\2018.3\lib\win64.o\librdi_runs.dll
0x00007ffa2d8a0000 - 0x00007ffa2fdb4000 	D:\Xilinx\Vivado\2018.3\lib\win64.o\librdi_place.dll
0x00007ffa68d50000 - 0x00007ffa68e28000 	D:\Xilinx\Vivado\2018.3\lib\win64.o\librdi_runsbase.dll
0x00007ffa62420000 - 0x00007ffa62648000 	D:\Xilinx\Vivado\2018.3\lib\win64.o\librdi_simdata.dll
0x00007ffa48f00000 - 0x00007ffa49054000 	D:\Xilinx\Vivado\2018.3\lib\win64.o\librdi_advchipscopeimpl.dll
0x00007ffa07200000 - 0x00007ffa07f8d000 	D:\Xilinx\Vivado\2018.3\lib\win64.o\librdi_timing.dll
0x00007ffa96e00000 - 0x00007ffa96e4c000 	D:\Xilinx\Vivado\2018.3\lib\win64.o\libboost_serialization.dll
0x00007ffa69570000 - 0x00007ffa69628000 	D:\Xilinx\Vivado\2018.3\lib\win64.o\librdi_hip_devdesign.dll
0x00007ffa71f70000 - 0x00007ffa7201b000 	D:\Xilinx\Vivado\2018.3\lib\win64.o\librdi_ipconfig_readwrite.dll
0x00007ffa97930000 - 0x00007ffa97968000 	D:\Xilinx\Vivado\2018.3\lib\win64.o\librdi_noc_frameworks.dll
0x00007ffa62240000 - 0x00007ffa622de000 	D:\Xilinx\Vivado\2018.3\lib\win64.o\libise.dll
0x00007ffa07f90000 - 0x00007ffa0b93c000 	D:\Xilinx\Vivado\2018.3\lib\win64.o\librdi_mig.dll
0x00007ffa3f150000 - 0x00007ffa3f505000 	D:\Xilinx\Vivado\2018.3\lib\win64.o\librdi_hip_config.dll
0x00007ffa36a40000 - 0x00007ffa36f8e000 	D:\Xilinx\Vivado\2018.3\lib\win64.o\librdi_xdm.dll
0x00007ffa87260000 - 0x00007ffa872a9000 	D:\Xilinx\Vivado\2018.3\lib\win64.o\librdi_wavedata_SimpleApi.dll
0x00007ffa066b0000 - 0x00007ffa071f7000 	D:\Xilinx\Vivado\2018.3\lib\win64.o\libverific.dll
0x00007ffa2cbd0000 - 0x00007ffa2d1b4000 	D:\Xilinx\Vivado\2018.3\lib\win64.o\librdi_wavedata.dll
0x00007ffa80430000 - 0x00007ffa80493000 	D:\Xilinx\Vivado\2018.3\lib\win64.o\librdi_hip_mathengine.dll
0x00007ffa54ec0000 - 0x00007ffa54f48000 	D:\Xilinx\Vivado\2018.3\lib\win64.o\librdi_meir_core.dll
0x00007ffa3c1c0000 - 0x00007ffa3c410000 	D:\Xilinx\Vivado\2018.3\lib\win64.o\librdi_hsm.dll

VM Arguments:
jvm_args: -Dsun.java2d.pmoffscreen=false -Dsun.java2d.xrender=false -Dsun.java2d.d3d=false -Dsun.awt.nopixfmt=true -Dsun.java2d.dpiaware=true -Dsun.java2d.uiScale.enabled=false -Xverify:none -Dswing.aatext=true -XX:-UsePerfData -Djdk.map.althashing.threshold=512 -XX:StringTableSize=4072 --add-opens=java.base/java.nio=ALL-UNNAMED --add-opens=java.desktop/sun.swing=ALL-UNNAMED --add-opens=java.desktop/javax.swing=ALL-UNNAMED --add-opens=java.desktop/javax.swing.tree=ALL-UNNAMED --add-opens=java.desktop/javax.swing.plaf.basic=ALL-UNNAMED --add-opens=java.desktop/javax.swing.plaf.synth=ALL-UNNAMED --add-opens=java.desktop/com.sun.awt=ALL-UNNAMED -XX:NewSize=60m -XX:MaxNewSize=60m -Xms128m -Xmx3072m -Xss5m 
java_command: <unknown>
java_class_path (initial): D:/Xilinx/Vivado/2018.3\lib\classes\alloy.jar;D:/Xilinx/Vivado/2018.3\lib\classes\autopilot.scelaborator.jar;D:/Xilinx/Vivado/2018.3\lib\classes\autopilot.sourceprocessor.jar;D:/Xilinx/Vivado/2018.3\lib\classes\autopilot.tbprocessor.jar;D:/Xilinx/Vivado/2018.3\lib\classes\batik-anim.jar;D:/Xilinx/Vivado/2018.3\lib\classes\batik-awt-util.jar;D:/Xilinx/Vivado/2018.3\lib\classes\batik-bridge.jar;D:/Xilinx/Vivado/2018.3\lib\classes\batik-codec.jar;D:/Xilinx/Vivado/2018.3\lib\classes\batik-css.jar;D:/Xilinx/Vivado/2018.3\lib\classes\batik-dom.jar;D:/Xilinx/Vivado/2018.3\lib\classes\batik-ext.jar;D:/Xilinx/Vivado/2018.3\lib\classes\batik-gui-util.jar;D:/Xilinx/Vivado/2018.3\lib\classes\batik-gvt.jar;D:/Xilinx/Vivado/2018.3\lib\classes\batik-parser.jar;D:/Xilinx/Vivado/2018.3\lib\classes\batik-script.jar;D:/Xilinx/Vivado/2018.3\lib\classes\batik-svg-dom.jar;D:/Xilinx/Vivado/2018.3\lib\classes\batik-swing.jar;D:/Xilinx/Vivado/2018.3\lib\classes\batik-transcoder.jar;D:/Xilinx/Vivado/2018.3\lib\classes\batik-util.jar;D:/Xilinx/Vivado/2018.3\lib\classes\batik-xml.jar;D:/Xilinx/Vivado/2018.3\lib\classes\com.ibm.icu_4.4.2.v20110208.jar;D:/Xilinx/Vivado/2018.3\lib\classes\commons-collections4-4.1.jar;D:/Xilinx/Vivado/2018.3\lib\classes\commons-math-2.2.jar;D:/Xilinx/Vivado/2018.3\lib\classes\dom4j-1.6.1.jar;D:/Xilinx/Vivado/2018.3\lib\classes\guava-18.0.jar;D:/Xilinx/Vivado/2018.3\lib\classes\help.jar;D:/Xilinx/Vivado/2018.3\lib\classes\hsqldb.jar;D:/Xilinx/Vivado/2018.3\lib\classes\jargs.jar;D:/Xilinx/Vivado/2018.3\lib\classes\jaxb-api-2.3.0.jar;D:/Xilinx/Vivado/2018.3\lib\classes\jh.jar;D:/Xilinx/Vivado/2018.3\lib\classes\jide-action.jar;D:/Xilinx/Vivado/2018.3\lib\classes\jide-charts.jar;D:/Xilinx/Vivado/2018.3\lib\classes\jide-common.jar;D:/Xilinx/Vivado/2018.3\lib\classes\jide-components.jar;D:/Xilinx/Vivado/2018.3\lib\classes\jide-dashboard.jar;D:/Xilinx/Vivado/2018.3\lib\classes\jide-data.jar;D:/Xilinx/Vivado/2018.3\lib\classes\jide-dialogs.jar
Launcher Type: generic

Logging:
Log output configuration:
#0: stdout all=warning uptime,level,tags
#1: stderr all=off uptime,level,tags

Environment Variables:
JAVA_HOME=D:\JAVA_JDK
CLASSPATH=.;D:\JAVA_JDK\bin;D:\JAVA_JDK\lib\dt.jar;D:\JAVA_JDK\lib\tools.jar
PATH=D:/Xilinx/Vivado/2018.3/bin;D:/Xilinx/Vivado/2018.3/lib/win64.o;D:/Xilinx/Vivado/2018.3/tps/win64/jre9.0.4/bin/server;D:/Xilinx/Vivado/2018.3/tps/win64/jre9.0.4/bin;D:/Xilinx/SDK/2018.3/bin;D:/Xilinx/Vivado/2018.3/ids_lite/ISE/bin/nt64;D:/Xilinx/Vivado/2018.3/ids_lite/ISE/lib/nt64;D:\anaconda;D:\anaconda\Library\mingw-w64\bin;D:\anaconda\Library\usr\bin;D:\anaconda\Library\bin;D:\anaconda\Scripts;C:\Program Files\Common Files\Oracle\Java\javapath;C:\Windows\system32;C:\Windows;C:\Windows\System32\Wbem;C:\Windows\System32\WindowsPowerShell\v1.0\;C:\Windows\System32\OpenSSH\;C:\Program Files (x86)\NVIDIA Corporation\PhysX\Common;C:\Program Files\NVIDIA Corporation\NVIDIA NvDLISR;C:\Program Files\dotnet\;D:\JAVA_JDK\bin;D:\JAVA_JDK\jre\bin;C:\Program Files\TortoiseGit\bin;C:\Program Files\PuTTY\;C:\ProgramData\Microsoft\Windows\Start Menu\Programs\Python 3.7;C:\Program Files\nodejs;D:\matlab\runtime\win64;D:\matlab\bin;C:\Program Files\Go\bin;D:\anaconda\envs\spython;D:\anaconda\envs\spython\Scripts;D:\Program Files (x86)\Microsoft Visual Studio\Shared\Python37_64;D:\Program Files (x86)\Microsoft Visual Studio\Shared\Python37_64\Scripts;C:\Program Files\MySQL\MySQL Shell 8.0\bin\;C:\Users\Wufisher\.dotnet\tools;C:\Users\Wufisher\AppData\Local\Programs\MiKTeX\miktex\bin\x64\;C:\Users\Wufisher\AppData\Local\Programs\Microsoft VS Code\bin;C:\mingw64\bin;C:\Users\Wufisher\AppData\Local\Android\Sdk\platform-tools;C:\Program Files\JetBrains\PyCharm 2021.2.2\bin;;C:\Users\Wufisher\AppData\Local\Microsoft\WindowsApps;C:\Users\Wufisher\AppData\Roaming\npm;C:\Program Files\CMake\bin;C:\Program Files (x86)\GnuWin32\bin;D:\Gif_forwin\Git\bin;C:\Users\Wufisher\go\bin;D:/Xilinx/Vivado/2018.3\tps\mingw\6.2.0\win64.o\nt\bin;D:/Xilinx/Vivado/2018.3\tps\mingw\6.2.0\win64.o\nt\libexec\gcc\x86_64-w64-mingw32\6.2.0
USERNAME=Wufisher
OS=Windows_NT
PROCESSOR_IDENTIFIER=Intel64 Family 6 Model 165 Stepping 2, GenuineIntel



---------------  S Y S T E M  ---------------

OS: Windows 10 , 64 bit Build 19041 (10.0.19041.1645)

CPU:total 16 (initial active 16) (8 cores per cpu, 2 threads per core) family 6 model 165 stepping 2, cmov, cx8, fxsr, mmx, sse, sse2, sse3, ssse3, sse4.1, sse4.2, popcnt, avx, avx2, aes, clmul, erms, 3dnowpref, lzcnt, ht, tsc, tscinvbit, bmi1, bmi2, adx, fma

Memory: 4k page, physical 16556060k(7439404k free), swap 22061084k(7279428k free)

vm_info: Java HotSpot(TM) 64-Bit Server VM (9.0.4+11) for windows-amd64 JRE (9.0.4+11), built on Dec 20 2017 02:18:54 by "mach5one" with MS VC++ 12.0 (VS2013)

END.
