#-----------------------------------------------------------
# Vivado v2018.3 (64-bit)
# SW Build 2405991 on Thu Dec  6 23:38:27 MST 2018
# IP Build 2404404 on Fri Dec  7 01:43:56 MST 2018
# Start of session at: Wed May 11 16:05:43 2022
# Process ID: 2156
# Current directory: F:/hub_repo/cs_riscv_exp/exp4/cache
# Command line: vivado.exe -gui_launcher_event rodinguilauncherevent1752 F:\hub_repo\cs_riscv_exp\exp4\cache\cache.xpr
# Log file: F:/hub_repo/cs_riscv_exp/exp4/cache/vivado.log
# Journal file: F:/hub_repo/cs_riscv_exp/exp4/cache\vivado.jou
#-----------------------------------------------------------
start_gui
open_project -part xc7k70tfbv676-1 F:/hub_repo/cs_riscv_exp/exp4/cache/cache.xpr
INFO: [Project 1-313] Project file moved from 'D:/cache' since last save.
Scanning sources...
Finished scanning sources
INFO: [Project 1-573] Overriding 'synth_1' run's part, 'xc7vx485tffg1157-1', with new part: 'xc7k70tfbv676-1'.
INFO: [Project 1-573] Overriding 'blk_mem_synth_1' run's part, 'xc7vx485tffg1157-1', with new part: 'xc7k70tfbv676-1'.
INFO: [Project 1-573] Overriding 'blk_mem_gen_0_synth_1' run's part, 'xc7vx485tffg1157-1', with new part: 'xc7k70tfbv676-1'.
INFO: [Project 1-573] Overriding 'impl_1' run's part, 'xc7vx485tffg1157-1', with new part: 'xc7k70tfbv676-1'.
INFO: [Project 1-573] Overriding 'blk_mem_impl_1' run's part, 'xc7vx485tffg1157-1', with new part: 'xc7k70tfbv676-1'.
INFO: [Project 1-573] Overriding 'blk_mem_gen_0_impl_1' run's part, 'xc7vx485tffg1157-1', with new part: 'xc7k70tfbv676-1'.
INFO: [Project 1-563] Overriding project part, 'xc7vx485tffg1157-1', with new part: 'xc7k70tfbv676-1'.
INFO: [IP_Flow 19-234] Refreshing IP repositories
INFO: [IP_Flow 19-1704] No user IP repositories specified
INFO: [IP_Flow 19-2313] Loaded Vivado IP repository 'C:/Xilinx/Vivado/2018.3/data/ip'.
WARNING: [IP_Flow 19-2162] IP 'blk_mem' is locked:
* Current project part 'xc7k70tfbv676-1' and the part 'xc7vx485tffg1157-1' used to customize the IP 'blk_mem' do not match.
Please select 'Report IP Status' from the 'Tools/Report' menu or run Tcl command 'report_ip_status' for more information.
WARNING: [IP_Flow 19-2162] IP 'blk_mem_gen_0' is locked:
* Current project part 'xc7k70tfbv676-1' and the part 'xc7vx485tffg1157-1' used to customize the IP 'blk_mem_gen_0' do not match.
Please select 'Report IP Status' from the 'Tools/Report' menu or run Tcl command 'report_ip_status' for more information.
update_compile_order -fileset sources_1
ERROR: [Common 17-69] Command failed: Unknown part 'xc7vx485tffg1157-1'
ERROR: [IP_Flow 19-3329] update_bram_bits of meta parameter bram_bits failed. ERROR: [Common 17-69] Command failed: Unknown part 'xc7vx485tffg1157-1'

ERROR: [IP_Flow 19-3332] Tcl error in configuring meta parameters procedures.
ERROR: [IP_Flow 19-3428] Failed to create Customization object blk_mem
ERROR: [IP_Flow 19-4759] Unable to copy customizer for IP f:/hub_repo/cs_riscv_exp/exp4/cache/.Xil/Vivado-2156-612-15/coregen/blk_mem/blk_mem.xci
