#-----------------------------------------------------------
# Vivado v2018.3 (64-bit)
# SW Build 2405991 on Thu Dec  6 23:38:27 MST 2018
# IP Build 2404404 on Fri Dec  7 01:43:56 MST 2018
# Start of session at: Wed May 11 16:20:47 2022
# Process ID: 7592
# Current directory: F:/hub_repo/cs_riscv_exp/exp4/cache
# Command line: vivado.exe -gui_launcher_event rodinguilauncherevent6860 F:\hub_repo\cs_riscv_exp\exp4\cache\cache.xpr
# Log file: F:/hub_repo/cs_riscv_exp/exp4/cache/vivado.log
# Journal file: F:/hub_repo/cs_riscv_exp/exp4/cache\vivado.jou
#-----------------------------------------------------------
start_gui
open_project F:/hub_repo/cs_riscv_exp/exp4/cache/cache.xpr
Scanning sources...
Finished scanning sources
INFO: [IP_Flow 19-234] Refreshing IP repositories
INFO: [IP_Flow 19-1704] No user IP repositories specified
INFO: [IP_Flow 19-2313] Loaded Vivado IP repository 'C:/Xilinx/Vivado/2018.3/data/ip'.
WARNING: [IP_Flow 19-2162] IP 'blk_mem' is locked:
* Current project part 'xc7k70tfbv676-1' and the part 'xc7vx485tffg1157-1' used to customize the IP 'blk_mem' do not match.
Please select 'Report IP Status' from the 'Tools/Report' menu or run Tcl command 'report_ip_status' for more information.
WARNING: [IP_Flow 19-2162] IP 'blk_mem_gen_0' is locked:
* Current project part 'xc7k70tfbv676-1' and the part 'xc7vx485tffg1157-1' used to customize the IP 'blk_mem_gen_0' do not match.
Please select 'Report IP Status' from the 'Tools/Report' menu or run Tcl command 'report_ip_status' for more information.
update_compile_order -fileset sources_1
eexit
INFO: [Common 17-206] Exiting Vivado at Wed May 11 17:16:37 2022...
